#
# There is insufficient memory for the Java Runtime Environment to continue.
# Native memory allocation (malloc) failed to allocate 845216 bytes for Chunk::new
# Possible reasons:
#   The system is out of physical RAM or swap space
#   The process is running with CompressedOops enabled, and the Java Heap may be blocking the growth of the native heap
# Possible solutions:
#   Reduce memory load on the system
#   Increase physical memory or swap space
#   Check if swap backing store is full
#   Decrease Java heap size (-Xmx/-Xms)
#   Decrease number of Java threads
#   Decrease Java thread stack sizes (-Xss)
#   Set larger code cache with -XX:ReservedCodeCacheSize=
#   JVM is running with Unscaled Compressed Oops mode in which the Java heap is
#     placed in the first 4GB address space. The Java Heap base address is the
#     maximum limit for the native heap growth. Please use -XX:HeapBaseMinAddress
#     to set the Java Heap base and to place the Java Heap above 4GB virtual address.
# This output file may be truncated or incomplete.
#
#  Out of Memory Error (arena.cpp:189), pid=4556, tid=6652
#
# JRE version: Java(TM) SE Runtime Environment (17.0.6+9) (build 17.0.6+9-LTS-190)
# Java VM: Java HotSpot(TM) 64-Bit Server VM (17.0.6+9-LTS-190, mixed mode, sharing, tiered, compressed oops, compressed class ptrs, g1 gc, windows-amd64)
# No core dump will be written. Minidumps are not enabled by default on client versions of Windows
#

---------------  S U M M A R Y ------------

Command Line: -Dfile.encoding=UTF-8 -XX:+ShowCodeDetailsInExceptionMessages com.wise.portfolio.PortfolioApp

Host: Intel(R) Celeron(R) N4120 CPU @ 1.10GHz, 4 cores, 3G,  Windows 11 , 64 bit Build 22621 (10.0.22621.2070)
Time: Fri Sep  8 16:49:35 2023 Eastern Daylight Time elapsed time: 8.356861 seconds (0d 0h 0m 8s)

---------------  T H R E A D  ---------------

Current thread (0x000002059aab8600):  JavaThread "C2 CompilerThread0" daemon [_thread_in_native, id=6652, stack(0x000000d01f800000,0x000000d01f900000)]


Current CompileTask:
C2:   8357 1746       4       com.wise.portfolio.service.PortfolioPriceHistory::addFundPrice (425 bytes)

Stack: [0x000000d01f800000,0x000000d01f900000]
Native frames: (J=compiled Java code, j=interpreted, Vv=VM code, C=native code)
V  [jvm.dll+0x6734ea]
V  [jvm.dll+0x7d18f4]
V  [jvm.dll+0x7d309e]
V  [jvm.dll+0x7d3703]
V  [jvm.dll+0x2433c5]
V  [jvm.dll+0xaa46b]
V  [jvm.dll+0xaaa0c]
V  [jvm.dll+0x2a8b1f]
V  [jvm.dll+0x57bf85]
V  [jvm.dll+0x21e142]
V  [jvm.dll+0x21e51f]
V  [jvm.dll+0x217c36]
V  [jvm.dll+0x215109]
V  [jvm.dll+0x1a1730]
V  [jvm.dll+0x224b6e]
V  [jvm.dll+0x222f15]
V  [jvm.dll+0x78753c]
V  [jvm.dll+0x781a7a]
V  [jvm.dll+0x672375]
C  [ucrtbase.dll+0x29363]
C  [KERNEL32.DLL+0x126ad]
C  [ntdll.dll+0x5aa68]


---------------  P R O C E S S  ---------------

Threads class SMR info:
_java_thread_list=0x000002059b542020, length=12, elements={
0x00000205ff8d0b20, 0x00000205ff98ea80, 0x000002059aaa1680, 0x000002059aab09e0,
0x000002059aab35a0, 0x000002059aab5f60, 0x000002059aab7920, 0x000002059aab8600,
0x000002059ab22c00, 0x000002059ab35100, 0x000002059b56d110, 0x000002059b57fea0
}

Java Threads: ( => current thread )
  0x00000205ff8d0b20 JavaThread "main" [_thread_in_native, id=19272, stack(0x000000d01ea00000,0x000000d01eb00000)]
  0x00000205ff98ea80 JavaThread "Reference Handler" daemon [_thread_blocked, id=14968, stack(0x000000d01f200000,0x000000d01f300000)]
  0x000002059aaa1680 JavaThread "Finalizer" daemon [_thread_blocked, id=10848, stack(0x000000d01f300000,0x000000d01f400000)]
  0x000002059aab09e0 JavaThread "Signal Dispatcher" daemon [_thread_blocked, id=14924, stack(0x000000d01f400000,0x000000d01f500000)]
  0x000002059aab35a0 JavaThread "Attach Listener" daemon [_thread_blocked, id=10296, stack(0x000000d01f500000,0x000000d01f600000)]
  0x000002059aab5f60 JavaThread "Service Thread" daemon [_thread_blocked, id=6708, stack(0x000000d01f600000,0x000000d01f700000)]
  0x000002059aab7920 JavaThread "Monitor Deflation Thread" daemon [_thread_blocked, id=232, stack(0x000000d01f700000,0x000000d01f800000)]
=>0x000002059aab8600 JavaThread "C2 CompilerThread0" daemon [_thread_in_native, id=6652, stack(0x000000d01f800000,0x000000d01f900000)]
  0x000002059ab22c00 JavaThread "C1 CompilerThread0" daemon [_thread_blocked, id=3880, stack(0x000000d01f900000,0x000000d01fa00000)]
  0x000002059ab35100 JavaThread "Sweeper thread" daemon [_thread_blocked, id=6208, stack(0x000000d01fa00000,0x000000d01fb00000)]
  0x000002059b56d110 JavaThread "Notification Thread" daemon [_thread_blocked, id=2000, stack(0x000000d01fb00000,0x000000d01fc00000)]
  0x000002059b57fea0 JavaThread "Common-Cleaner" daemon [_thread_blocked, id=16640, stack(0x000000d01fd00000,0x000000d01fe00000)]

Other Threads:
  0x00000205ff98e010 VMThread "VM Thread" [stack: 0x000000d01f100000,0x000000d01f200000] [id=12728]
  0x000002059b56fe10 WatcherThread [stack: 0x000000d01fc00000,0x000000d01fd00000] [id=2416]
  0x00000205ff9125a0 GCTaskThread "GC Thread#0" [stack: 0x000000d01ec00000,0x000000d01ed00000] [id=8300]
  0x000002059b8fd670 GCTaskThread "GC Thread#1" [stack: 0x000000d01fe00000,0x000000d01ff00000] [id=3848]
  0x000002059bf680f0 GCTaskThread "GC Thread#2" [stack: 0x000000d01ff00000,0x000000d020000000] [id=10628]
  0x000002059bf6a3b0 GCTaskThread "GC Thread#3" [stack: 0x000000d020000000,0x000000d020100000] [id=19412]
  0x00000205ff91d840 ConcurrentGCThread "G1 Main Marker" [stack: 0x000000d01ed00000,0x000000d01ee00000] [id=4252]
  0x00000205ff91e250 ConcurrentGCThread "G1 Conc#0" [stack: 0x000000d01ee00000,0x000000d01ef00000] [id=18876]
  0x00000205ff95d850 ConcurrentGCThread "G1 Refine#0" [stack: 0x000000d01ef00000,0x000000d01f000000] [id=18304]
  0x00000205ff95e270 ConcurrentGCThread "G1 Service" [stack: 0x000000d01f000000,0x000000d01f100000] [id=15060]

Threads with active compile tasks:
C2 CompilerThread0     8413 1746       4       com.wise.portfolio.service.PortfolioPriceHistory::addFundPrice (425 bytes)

VM state: not at safepoint (normal execution)

VM Mutex/Monitor currently owned by a thread: None

Heap address: 0x00000000c2e00000, size: 978 MB, Compressed Oops mode: 32-bit

CDS archive(s) mapped at: [0x0000000800000000-0x0000000800bd0000-0x0000000800bd0000), size 12386304, SharedBaseAddress: 0x0000000800000000, ArchiveRelocationMode: 0.
Compressed class space mapped at: 0x0000000800c00000-0x0000000840c00000, reserved size: 1073741824
Narrow klass base: 0x0000000800000000, Narrow klass shift: 0, Narrow klass range: 0x100000000

GC Precious Log:
 CPUs: 4 total, 4 available
 Memory: 3911M
 Large Page Support: Disabled
 NUMA Support: Disabled
 Compressed Oops: Enabled (32-bit)
 Heap Region Size: 1M
 Heap Min Capacity: 8M
 Heap Initial Capacity: 62M
 Heap Max Capacity: 978M
 Pre-touch: Disabled
 Parallel Workers: 4
 Concurrent Workers: 1
 Concurrent Refinement Workers: 4
 Periodic GC: Disabled

Heap:
 garbage-first heap   total 63488K, used 16154K [0x00000000c2e00000, 0x0000000100000000)
  region size 1024K, 8 young (8192K), 3 survivors (3072K)
 Metaspace       used 2999K, committed 3200K, reserved 1056768K
  class space    used 180K, committed 256K, reserved 1048576K

Heap Regions: E=young(eden), S=young(survivor), O=old, HS=humongous(starts), HC=humongous(continues), CS=collection set, F=free, OA=open archive, CA=closed archive, TAMS=top-at-mark-start (previous, next)
|   0|0x00000000c2e00000, 0x00000000c2f00000, 0x00000000c2f00000|100%|HS|  |TAMS 0x00000000c2e00000, 0x00000000c2e00000| Complete 
|   1|0x00000000c2f00000, 0x00000000c3000000, 0x00000000c3000000|100%| O|  |TAMS 0x00000000c2f00000, 0x00000000c2f00000| Untracked 
|   2|0x00000000c3000000, 0x00000000c3100000, 0x00000000c3100000|100%| O|  |TAMS 0x00000000c3000000, 0x00000000c3000000| Untracked 
|   3|0x00000000c3100000, 0x00000000c3200000, 0x00000000c3200000|100%| O|  |TAMS 0x00000000c3100000, 0x00000000c3100000| Untracked 
|   4|0x00000000c3200000, 0x00000000c3300000, 0x00000000c3300000|100%| O|  |TAMS 0x00000000c3200000, 0x00000000c3200000| Untracked 
|   5|0x00000000c3300000, 0x00000000c3400000, 0x00000000c3400000|100%| O|  |TAMS 0x00000000c3300000, 0x00000000c3300000| Untracked 
|   6|0x00000000c3400000, 0x00000000c3500000, 0x00000000c3500000|100%| O|  |TAMS 0x00000000c3400000, 0x00000000c3400000| Untracked 
|   7|0x00000000c3500000, 0x00000000c3600000, 0x00000000c3600000|100%| O|  |TAMS 0x00000000c3500000, 0x00000000c3500000| Untracked 
|   8|0x00000000c3600000, 0x00000000c3700000, 0x00000000c3700000|100%| O|  |TAMS 0x00000000c3600000, 0x00000000c3600000| Untracked 
|   9|0x00000000c3700000, 0x00000000c371ea00, 0x00000000c3800000| 11%| O|  |TAMS 0x00000000c3700000, 0x00000000c3700000| Untracked 
|  10|0x00000000c3800000, 0x00000000c3800000, 0x00000000c3900000|  0%| F|  |TAMS 0x00000000c3800000, 0x00000000c3800000| Untracked 
|  11|0x00000000c3900000, 0x00000000c3900000, 0x00000000c3a00000|  0%| F|  |TAMS 0x00000000c3900000, 0x00000000c3900000| Untracked 
|  12|0x00000000c3a00000, 0x00000000c3a00000, 0x00000000c3b00000|  0%| F|  |TAMS 0x00000000c3a00000, 0x00000000c3a00000| Untracked 
|  13|0x00000000c3b00000, 0x00000000c3b00000, 0x00000000c3c00000|  0%| F|  |TAMS 0x00000000c3b00000, 0x00000000c3b00000| Untracked 
|  14|0x00000000c3c00000, 0x00000000c3c00000, 0x00000000c3d00000|  0%| F|  |TAMS 0x00000000c3c00000, 0x00000000c3c00000| Untracked 
|  15|0x00000000c3d00000, 0x00000000c3d00000, 0x00000000c3e00000|  0%| F|  |TAMS 0x00000000c3d00000, 0x00000000c3d00000| Untracked 
|  16|0x00000000c3e00000, 0x00000000c3e00000, 0x00000000c3f00000|  0%| F|  |TAMS 0x00000000c3e00000, 0x00000000c3e00000| Untracked 
|  17|0x00000000c3f00000, 0x00000000c3f00000, 0x00000000c4000000|  0%| F|  |TAMS 0x00000000c3f00000, 0x00000000c3f00000| Untracked 
|  18|0x00000000c4000000, 0x00000000c4000000, 0x00000000c4100000|  0%| F|  |TAMS 0x00000000c4000000, 0x00000000c4000000| Untracked 
|  19|0x00000000c4100000, 0x00000000c4100000, 0x00000000c4200000|  0%| F|  |TAMS 0x00000000c4100000, 0x00000000c4100000| Untracked 
|  20|0x00000000c4200000, 0x00000000c4200000, 0x00000000c4300000|  0%| F|  |TAMS 0x00000000c4200000, 0x00000000c4200000| Untracked 
|  21|0x00000000c4300000, 0x00000000c4300000, 0x00000000c4400000|  0%| F|  |TAMS 0x00000000c4300000, 0x00000000c4300000| Untracked 
|  22|0x00000000c4400000, 0x00000000c44a8090, 0x00000000c4500000| 65%| S|CS|TAMS 0x00000000c4400000, 0x00000000c4400000| Complete 
|  23|0x00000000c4500000, 0x00000000c4600000, 0x00000000c4600000|100%| S|CS|TAMS 0x00000000c4500000, 0x00000000c4500000| Complete 
|  24|0x00000000c4600000, 0x00000000c4600000, 0x00000000c4700000|  0%| F|  |TAMS 0x00000000c4600000, 0x00000000c4600000| Untracked 
|  25|0x00000000c4700000, 0x00000000c4700000, 0x00000000c4800000|  0%| F|  |TAMS 0x00000000c4700000, 0x00000000c4700000| Untracked 
|  26|0x00000000c4800000, 0x00000000c4800000, 0x00000000c4900000|  0%| F|  |TAMS 0x00000000c4800000, 0x00000000c4800000| Untracked 
|  27|0x00000000c4900000, 0x00000000c4a00000, 0x00000000c4a00000|100%| S|CS|TAMS 0x00000000c4900000, 0x00000000c4900000| Complete 
|  28|0x00000000c4a00000, 0x00000000c4a00000, 0x00000000c4b00000|  0%| F|  |TAMS 0x00000000c4a00000, 0x00000000c4a00000| Untracked 
|  29|0x00000000c4b00000, 0x00000000c4b00000, 0x00000000c4c00000|  0%| F|  |TAMS 0x00000000c4b00000, 0x00000000c4b00000| Untracked 
|  30|0x00000000c4c00000, 0x00000000c4c00000, 0x00000000c4d00000|  0%| F|  |TAMS 0x00000000c4c00000, 0x00000000c4c00000| Untracked 
|  31|0x00000000c4d00000, 0x00000000c4d00000, 0x00000000c4e00000|  0%| F|  |TAMS 0x00000000c4d00000, 0x00000000c4d00000| Untracked 
|  32|0x00000000c4e00000, 0x00000000c4e00000, 0x00000000c4f00000|  0%| F|  |TAMS 0x00000000c4e00000, 0x00000000c4e00000| Untracked 
|  33|0x00000000c4f00000, 0x00000000c4f00000, 0x00000000c5000000|  0%| F|  |TAMS 0x00000000c4f00000, 0x00000000c4f00000| Untracked 
|  34|0x00000000c5000000, 0x00000000c5000000, 0x00000000c5100000|  0%| F|  |TAMS 0x00000000c5000000, 0x00000000c5000000| Untracked 
|  35|0x00000000c5100000, 0x00000000c5100000, 0x00000000c5200000|  0%| F|  |TAMS 0x00000000c5100000, 0x00000000c5100000| Untracked 
|  36|0x00000000c5200000, 0x00000000c5200000, 0x00000000c5300000|  0%| F|  |TAMS 0x00000000c5200000, 0x00000000c5200000| Untracked 
|  37|0x00000000c5300000, 0x00000000c5300000, 0x00000000c5400000|  0%| F|  |TAMS 0x00000000c5300000, 0x00000000c5300000| Untracked 
|  38|0x00000000c5400000, 0x00000000c5400000, 0x00000000c5500000|  0%| F|  |TAMS 0x00000000c5400000, 0x00000000c5400000| Untracked 
|  39|0x00000000c5500000, 0x00000000c5500000, 0x00000000c5600000|  0%| F|  |TAMS 0x00000000c5500000, 0x00000000c5500000| Untracked 
|  40|0x00000000c5600000, 0x00000000c5600000, 0x00000000c5700000|  0%| F|  |TAMS 0x00000000c5600000, 0x00000000c5600000| Untracked 
|  41|0x00000000c5700000, 0x00000000c5700000, 0x00000000c5800000|  0%| F|  |TAMS 0x00000000c5700000, 0x00000000c5700000| Untracked 
|  42|0x00000000c5800000, 0x00000000c5800000, 0x00000000c5900000|  0%| F|  |TAMS 0x00000000c5800000, 0x00000000c5800000| Untracked 
|  43|0x00000000c5900000, 0x00000000c5900000, 0x00000000c5a00000|  0%| F|  |TAMS 0x00000000c5900000, 0x00000000c5900000| Untracked 
|  44|0x00000000c5a00000, 0x00000000c5a00000, 0x00000000c5b00000|  0%| F|  |TAMS 0x00000000c5a00000, 0x00000000c5a00000| Untracked 
|  45|0x00000000c5b00000, 0x00000000c5b00000, 0x00000000c5c00000|  0%| F|  |TAMS 0x00000000c5b00000, 0x00000000c5b00000| Untracked 
|  46|0x00000000c5c00000, 0x00000000c5c00000, 0x00000000c5d00000|  0%| F|  |TAMS 0x00000000c5c00000, 0x00000000c5c00000| Untracked 
|  47|0x00000000c5d00000, 0x00000000c5d00000, 0x00000000c5e00000|  0%| F|  |TAMS 0x00000000c5d00000, 0x00000000c5d00000| Untracked 
|  48|0x00000000c5e00000, 0x00000000c5e00000, 0x00000000c5f00000|  0%| F|  |TAMS 0x00000000c5e00000, 0x00000000c5e00000| Untracked 
|  49|0x00000000c5f00000, 0x00000000c5f00000, 0x00000000c6000000|  0%| F|  |TAMS 0x00000000c5f00000, 0x00000000c5f00000| Untracked 
|  50|0x00000000c6000000, 0x00000000c6000000, 0x00000000c6100000|  0%| F|  |TAMS 0x00000000c6000000, 0x00000000c6000000| Untracked 
|  51|0x00000000c6100000, 0x00000000c6100000, 0x00000000c6200000|  0%| F|  |TAMS 0x00000000c6100000, 0x00000000c6100000| Untracked 
|  52|0x00000000c6200000, 0x00000000c6200000, 0x00000000c6300000|  0%| F|  |TAMS 0x00000000c6200000, 0x00000000c6200000| Untracked 
|  53|0x00000000c6300000, 0x00000000c6300000, 0x00000000c6400000|  0%| F|  |TAMS 0x00000000c6300000, 0x00000000c6300000| Untracked 
|  54|0x00000000c6400000, 0x00000000c6400000, 0x00000000c6500000|  0%| F|  |TAMS 0x00000000c6400000, 0x00000000c6400000| Untracked 
|  55|0x00000000c6500000, 0x00000000c6500000, 0x00000000c6600000|  0%| F|  |TAMS 0x00000000c6500000, 0x00000000c6500000| Untracked 
|  56|0x00000000c6600000, 0x00000000c6600000, 0x00000000c6700000|  0%| F|  |TAMS 0x00000000c6600000, 0x00000000c6600000| Untracked 
|  57|0x00000000c6700000, 0x00000000c6800000, 0x00000000c6800000|100%| E|  |TAMS 0x00000000c6700000, 0x00000000c6700000| Complete 
|  58|0x00000000c6800000, 0x00000000c6900000, 0x00000000c6900000|100%| E|CS|TAMS 0x00000000c6800000, 0x00000000c6800000| Complete 
|  59|0x00000000c6900000, 0x00000000c6a00000, 0x00000000c6a00000|100%| E|CS|TAMS 0x00000000c6900000, 0x00000000c6900000| Complete 
|  60|0x00000000c6a00000, 0x00000000c6b00000, 0x00000000c6b00000|100%| E|CS|TAMS 0x00000000c6a00000, 0x00000000c6a00000| Complete 
|  61|0x00000000c6b00000, 0x00000000c6c00000, 0x00000000c6c00000|100%| E|CS|TAMS 0x00000000c6b00000, 0x00000000c6b00000| Complete 

Card table byte_map: [0x00000205ffb80000,0x00000205ffd70000] _byte_map_base: 0x00000205ff569000

Marking Bits (Prev, Next): (CMBitMap*) 0x00000205ff912bb0, (CMBitMap*) 0x00000205ff912bf0
 Prev Bits: [0x00000205967b0000, 0x00000205976f8000)
 Next Bits: [0x0000020597700000, 0x0000020598648000)

Polling page: 0x00000205fd730000

Metaspace:

Usage:
  Non-class:      2.75 MB used.
      Class:    180.86 KB used.
       Both:      2.93 MB used.

Virtual space:
  Non-class space:        8.00 MB reserved,       2.88 MB ( 36%) committed,  1 nodes.
      Class space:        1.00 GB reserved,     256.00 KB ( <1%) committed,  1 nodes.
             Both:        1.01 GB reserved,       3.12 MB ( <1%) committed. 

Chunk freelists:
   Non-Class:  3.37 MB
       Class:  3.68 MB
        Both:  7.04 MB

MaxMetaspaceSize: unlimited
CompressedClassSpaceSize: 1.00 GB
Initial GC threshold: 21.00 MB
Current GC threshold: 21.00 MB
CDS: on
MetaspaceReclaimPolicy: balanced
 - commit_granule_bytes: 65536.
 - commit_granule_words: 8192.
 - virtual_space_node_default_size: 1048576.
 - enlarge_chunks_in_place: 1.
 - new_chunks_are_fully_committed: 0.
 - uncommit_free_chunks: 1.
 - use_allocation_guard: 0.
 - handle_deallocations: 1.


Internal statistics:

num_allocs_failed_limit: 0.
num_arena_births: 52.
num_arena_deaths: 0.
num_vsnodes_births: 2.
num_vsnodes_deaths: 0.
num_space_committed: 50.
num_space_uncommitted: 0.
num_chunks_returned_to_freelist: 0.
num_chunks_taken_from_freelist: 88.
num_chunk_merges: 0.
num_chunk_splits: 60.
num_chunks_enlarged: 41.
num_purges: 0.
num_inconsistent_stats: 0.

CodeHeap 'non-profiled nmethods': size=120000Kb used=969Kb max_used=969Kb free=119030Kb
 bounds [0x000002058f280000, 0x000002058f4f0000, 0x00000205967b0000]
CodeHeap 'profiled nmethods': size=120000Kb used=3450Kb max_used=3450Kb free=116550Kb
 bounds [0x00000205877b0000, 0x0000020587b10000, 0x000002058ece0000]
CodeHeap 'non-nmethods': size=5760Kb used=1151Kb max_used=1178Kb free=4608Kb
 bounds [0x000002058ece0000, 0x000002058ef50000, 0x000002058f280000]
 total_blobs=2188 nmethods=1746 adapters=356
 compilation: enabled
              stopped_count=0, restarted_count=0
 full_count=0

Compilation events (20 events):
Event: 8.042 Thread 0x000002059ab22c00 1739       3       java.time.ZonedDateTime::now (7 bytes)
Event: 8.044 Thread 0x000002059ab22c00 nmethod 1739 0x0000020587b0ac90 code [0x0000020587b0af60, 0x0000020587b0bd78]
Event: 8.048 Thread 0x000002059ab22c00 1741       3       java.util.ArrayList::remove (26 bytes)
Event: 8.049 Thread 0x000002059ab22c00 nmethod 1741 0x0000020587b0c310 code [0x0000020587b0c4e0, 0x0000020587b0c7f8]
Event: 8.067 Thread 0x000002059aab8600 nmethod 1732 0x000002058f36d190 code [0x000002058f36d440, 0x000002058f36e310]
Event: 8.067 Thread 0x000002059aab8600 1733       4       java.util.stream.AbstractPipeline::wrapAndCopyInto (18 bytes)
Event: 8.078 Thread 0x000002059aab8600 nmethod 1733 0x000002058f36f090 code [0x000002058f36f280, 0x000002058f36f708]
Event: 8.078 Thread 0x000002059aab8600 1740       4       java.lang.AbstractStringBuilder::append (33 bytes)
Event: 8.099 Thread 0x000002059aab8600 nmethod 1740 0x000002058f36fc10 code [0x000002058f36fda0, 0x000002058f370558]
Event: 8.099 Thread 0x000002059aab8600 1743       4       java.util.stream.AbstractPipeline::<init> (91 bytes)
Event: 8.106 Thread 0x000002059aab8600 nmethod 1743 0x000002058f370990 code [0x000002058f370b20, 0x000002058f370f38]
Event: 8.106 Thread 0x000002059aab8600 1742       4       java.nio.Buffer::<init> (105 bytes)
Event: 8.113 Thread 0x000002059aab8600 nmethod 1742 0x000002058f371090 code [0x000002058f371240, 0x000002058f3716f8]
Event: 8.120 Thread 0x000002059aab8600 1744       4       java.util.Iterator::forEachRemaining (30 bytes)
Event: 8.123 Thread 0x000002059ab22c00 1745       3       java.time.Clock::currentInstant (84 bytes)
Event: 8.124 Thread 0x000002059ab22c00 nmethod 1745 0x0000020587b0c990 code [0x0000020587b0cc00, 0x0000020587b0d478]
Event: 8.133 Thread 0x000002059aab8600 nmethod 1744 0x000002058f371b10 code [0x000002058f371ce0, 0x000002058f372290]
Event: 8.133 Thread 0x000002059aab8600 1746       4       com.wise.portfolio.service.PortfolioPriceHistory::addFundPrice (425 bytes)
Event: 8.146 Thread 0x000002059ab22c00 1748       3       java.math.BigDecimal::compareMagnitude (287 bytes)
Event: 8.147 Thread 0x000002059ab22c00 nmethod 1748 0x0000020587b0d790 code [0x0000020587b0da20, 0x0000020587b0e518]

GC Heap History (13 events):
Event: 1.646 GC heap before
{Heap before GC invocations=0 (full 0):
 garbage-first heap   total 63488K, used 13312K [0x00000000c2e00000, 0x0000000100000000)
  region size 1024K, 13 young (13312K), 0 survivors (0K)
 Metaspace       used 1841K, committed 1984K, reserved 1056768K
  class space    used 148K, committed 256K, reserved 1048576K
}
Event: 1.659 GC heap after
{Heap after GC invocations=1 (full 0):
 garbage-first heap   total 63488K, used 9304K [0x00000000c2e00000, 0x0000000100000000)
  region size 1024K, 2 young (2048K), 2 survivors (2048K)
 Metaspace       used 1841K, committed 1984K, reserved 1056768K
  class space    used 148K, committed 256K, reserved 1048576K
}
Event: 2.089 GC heap before
{Heap before GC invocations=1 (full 0):
 garbage-first heap   total 63488K, used 15448K [0x00000000c2e00000, 0x0000000100000000)
  region size 1024K, 8 young (8192K), 2 survivors (2048K)
 Metaspace       used 2401K, committed 2560K, reserved 1056768K
  class space    used 179K, committed 256K, reserved 1048576K
}
Event: 2.095 GC heap after
{Heap after GC invocations=2 (full 0):
 garbage-first heap   total 63488K, used 10362K [0x00000000c2e00000, 0x0000000100000000)
  region size 1024K, 1 young (1024K), 1 survivors (1024K)
 Metaspace       used 2401K, committed 2560K, reserved 1056768K
  class space    used 179K, committed 256K, reserved 1048576K
}
Event: 3.407 GC heap before
{Heap before GC invocations=2 (full 0):
 garbage-first heap   total 63488K, used 26746K [0x00000000c2e00000, 0x0000000100000000)
  region size 1024K, 17 young (17408K), 1 survivors (1024K)
 Metaspace       used 2821K, committed 2944K, reserved 1056768K
  class space    used 179K, committed 256K, reserved 1048576K
}
Event: 3.412 GC heap after
{Heap after GC invocations=3 (full 0):
 garbage-first heap   total 63488K, used 10652K [0x00000000c2e00000, 0x0000000100000000)
  region size 1024K, 2 young (2048K), 2 survivors (2048K)
 Metaspace       used 2821K, committed 2944K, reserved 1056768K
  class space    used 179K, committed 256K, reserved 1048576K
}
Event: 5.458 GC heap before
{Heap before GC invocations=3 (full 0):
 garbage-first heap   total 63488K, used 39324K [0x00000000c2e00000, 0x0000000100000000)
  region size 1024K, 30 young (30720K), 2 survivors (2048K)
 Metaspace       used 2945K, committed 3136K, reserved 1056768K
  class space    used 180K, committed 256K, reserved 1048576K
}
Event: 5.464 GC heap after
{Heap after GC invocations=4 (full 0):
 garbage-first heap   total 63488K, used 10934K [0x00000000c2e00000, 0x0000000100000000)
  region size 1024K, 2 young (2048K), 2 survivors (2048K)
 Metaspace       used 2945K, committed 3136K, reserved 1056768K
  class space    used 180K, committed 256K, reserved 1048576K
}
Event: 6.677 GC heap before
{Heap before GC invocations=4 (full 0):
 garbage-first heap   total 63488K, used 42678K [0x00000000c2e00000, 0x0000000100000000)
  region size 1024K, 33 young (33792K), 2 survivors (2048K)
 Metaspace       used 2982K, committed 3136K, reserved 1056768K
  class space    used 180K, committed 256K, reserved 1048576K
}
Event: 6.683 GC heap after
{Heap after GC invocations=5 (full 0):
 garbage-first heap   total 63488K, used 11367K [0x00000000c2e00000, 0x0000000100000000)
  region size 1024K, 2 young (2048K), 2 survivors (2048K)
 Metaspace       used 2982K, committed 3136K, reserved 1056768K
  class space    used 180K, committed 256K, reserved 1048576K
}
Event: 7.422 GC heap before
{Heap before GC invocations=5 (full 0):
 garbage-first heap   total 63488K, used 45159K [0x00000000c2e00000, 0x0000000100000000)
  region size 1024K, 35 young (35840K), 2 survivors (2048K)
 Metaspace       used 2984K, committed 3136K, reserved 1056768K
  class space    used 180K, committed 256K, reserved 1048576K
}
Event: 7.435 GC heap after
{Heap after GC invocations=6 (full 0):
 garbage-first heap   total 63488K, used 11935K [0x00000000c2e00000, 0x0000000100000000)
  region size 1024K, 3 young (3072K), 3 survivors (3072K)
 Metaspace       used 2984K, committed 3136K, reserved 1056768K
  class space    used 180K, committed 256K, reserved 1048576K
}
Event: 8.346 GC heap before
{Heap before GC invocations=6 (full 0):
 garbage-first heap   total 63488K, used 46751K [0x00000000c2e00000, 0x0000000100000000)
  region size 1024K, 37 young (37888K), 3 survivors (3072K)
 Metaspace       used 2999K, committed 3200K, reserved 1056768K
  class space    used 180K, committed 256K, reserved 1048576K
}

Deoptimization events (20 events):
Event: 6.780 Thread 0x00000205ff8d0b20 Uncommon trap: trap_request=0xffffff45 fr.pc=0x000002058f305c60 relative=0x0000000000000060
Event: 6.780 Thread 0x00000205ff8d0b20 Uncommon trap: reason=unstable_if action=reinterpret pc=0x000002058f305c60 method=java.util.TreeMap.entrySet()Ljava/util/Set; @ 6 c2
Event: 6.780 Thread 0x00000205ff8d0b20 DEOPT PACKING pc=0x000002058f305c60 sp=0x000000d01eaff010
Event: 6.780 Thread 0x00000205ff8d0b20 DEOPT UNPACKING pc=0x000002058ed3239d sp=0x000000d01eafefa0 mode 2
Event: 6.816 Thread 0x00000205ff8d0b20 DEOPT PACKING pc=0x000002058787945c sp=0x000000d01eafebe0
Event: 6.816 Thread 0x00000205ff8d0b20 DEOPT UNPACKING pc=0x000002058ed32b24 sp=0x000000d01eafe160 mode 0
Event: 6.824 Thread 0x00000205ff8d0b20 Uncommon trap: trap_request=0xffffff45 fr.pc=0x000002058f3375f8 relative=0x0000000000000298
Event: 6.824 Thread 0x00000205ff8d0b20 Uncommon trap: reason=unstable_if action=reinterpret pc=0x000002058f3375f8 method=jdk.internal.math.FloatingDecimal$ASCIIToBinaryBuffer.floatValue()F @ 70 c2
Event: 6.824 Thread 0x00000205ff8d0b20 DEOPT PACKING pc=0x000002058f3375f8 sp=0x000000d01eafedc0
Event: 6.824 Thread 0x00000205ff8d0b20 DEOPT UNPACKING pc=0x000002058ed3239d sp=0x000000d01eafec98 mode 2
Event: 7.033 Thread 0x00000205ff8d0b20 DEOPT PACKING pc=0x000002058787945c sp=0x000000d01eafe9f0
Event: 7.033 Thread 0x00000205ff8d0b20 DEOPT UNPACKING pc=0x000002058ed32b24 sp=0x000000d01eafdf70 mode 0
Event: 7.258 Thread 0x00000205ff8d0b20 DEOPT PACKING pc=0x000002058787945c sp=0x000000d01eafe9f0
Event: 7.258 Thread 0x00000205ff8d0b20 DEOPT UNPACKING pc=0x000002058ed32b24 sp=0x000000d01eafdf70 mode 0
Event: 7.919 Thread 0x00000205ff8d0b20 Uncommon trap: trap_request=0xffffff45 fr.pc=0x000002058f364400 relative=0x0000000000000e80
Event: 7.919 Thread 0x00000205ff8d0b20 Uncommon trap: reason=unstable_if action=reinterpret pc=0x000002058f364400 method=java.util.TreeMap.fixAfterInsertion(Ljava/util/TreeMap$Entry;)V @ 41 c2
Event: 7.919 Thread 0x00000205ff8d0b20 DEOPT PACKING pc=0x000002058f364400 sp=0x000000d01eafed30
Event: 7.919 Thread 0x00000205ff8d0b20 DEOPT UNPACKING pc=0x000002058ed3239d sp=0x000000d01eafebe0 mode 2
Event: 8.121 Thread 0x00000205ff8d0b20 DEOPT PACKING pc=0x0000020587a69281 sp=0x000000d01eafec80
Event: 8.121 Thread 0x00000205ff8d0b20 DEOPT UNPACKING pc=0x000002058ed32b24 sp=0x000000d01eafe138 mode 0

Classes unloaded (0 events):
No events

Classes redefined (0 events):
No events

Internal exceptions (6 events):
Event: 0.827 Thread 0x00000205ff8d0b20 Exception <a 'java/lang/ClassNotFoundException'{0x00000000c670bcc8}: sun/awt/resources/spi/awtProvider> (0x00000000c670bcc8) 
thrown [s\open\src\hotspot\share\classfile\systemDictionary.cpp, line 256]
Event: 0.913 Thread 0x00000205ff8d0b20 Exception <a 'java/io/FileNotFoundException'{0x00000000c675fc90}> (0x00000000c675fc90) 
thrown [s\open\src\hotspot\share\prims\jni.cpp, line 516]
Event: 0.928 Thread 0x00000205ff8d0b20 Exception <a 'java/io/FileNotFoundException'{0x00000000c67cf700}> (0x00000000c67cf700) 
thrown [s\open\src\hotspot\share\prims\jni.cpp, line 516]
Event: 1.597 Thread 0x00000205ff8d0b20 Exception <a 'java/lang/NoSuchMethodError'{0x00000000c5f87cd0}: 'java.lang.Object java.lang.invoke.DirectMethodHandle$Holder.invokeStatic(java.lang.Object, int, java.lang.Object)'> (0x00000000c5f87cd0) 
thrown [s\open\src\hotspot\share\interpreter\linkResolver.cpp, line 759]
Event: 1.627 Thread 0x00000205ff8d0b20 Exception <a 'java/lang/NoSuchMethodError'{0x00000000c5fdad68}: 'void java.lang.invoke.DirectMethodHandle$Holder.invokeStatic(java.lang.Object, java.lang.Object)'> (0x00000000c5fdad68) 
thrown [s\open\src\hotspot\share\interpreter\linkResolver.cpp, line 759]
Event: 1.767 Thread 0x00000205ff8d0b20 Exception <a 'java/lang/NoSuchMethodError'{0x00000000c6bd92f8}: 'void java.lang.invoke.DirectMethodHandle$Holder.invokeInterface(java.lang.Object, java.lang.Object, java.lang.Object)'> (0x00000000c6bd92f8) 
thrown [s\open\src\hotspot\share\interpreter\linkResolver.cpp, line 759]

VM Operations (20 events):
Event: 1.660 Executing VM operation: G1CollectForAllocation done
Event: 2.088 Executing VM operation: G1CollectForAllocation
Event: 2.095 Executing VM operation: G1CollectForAllocation done
Event: 3.110 Executing VM operation: Cleanup
Event: 3.110 Executing VM operation: Cleanup done
Event: 3.407 Executing VM operation: G1CollectForAllocation
Event: 3.412 Executing VM operation: G1CollectForAllocation done
Event: 4.414 Executing VM operation: Cleanup
Event: 4.415 Executing VM operation: Cleanup done
Event: 5.422 Executing VM operation: Cleanup
Event: 5.422 Executing VM operation: Cleanup done
Event: 5.458 Executing VM operation: G1CollectForAllocation
Event: 5.464 Executing VM operation: G1CollectForAllocation done
Event: 6.478 Executing VM operation: Cleanup
Event: 6.478 Executing VM operation: Cleanup done
Event: 6.677 Executing VM operation: G1CollectForAllocation
Event: 6.683 Executing VM operation: G1CollectForAllocation done
Event: 7.422 Executing VM operation: G1CollectForAllocation
Event: 7.435 Executing VM operation: G1CollectForAllocation done
Event: 8.346 Executing VM operation: G1CollectForAllocation

Events (20 events):
Event: 1.921 loading class sun/util/locale/provider/BaseLocaleDataMetaInfo
Event: 1.921 loading class sun/util/locale/provider/BaseLocaleDataMetaInfo done
Event: 1.925 loading class sun/util/resources/cldr/CurrencyNames
Event: 1.926 loading class sun/util/resources/OpenListResourceBundle
Event: 1.926 loading class sun/util/resources/OpenListResourceBundle done
Event: 1.926 loading class sun/util/resources/cldr/CurrencyNames done
Event: 1.927 loading class sun/util/resources/cldr/CurrencyNames_en
Event: 1.927 loading class sun/util/resources/cldr/CurrencyNames_en done
Event: 1.928 loading class sun/util/resources/cldr/CurrencyNames_en_US
Event: 1.928 loading class sun/util/resources/cldr/CurrencyNames_en_US done
Event: 1.929 loading class java/text/FieldPosition$Delegate
Event: 1.931 loading class java/text/FieldPosition$Delegate done
Event: 1.931 loading class java/math/BigDecimal$StringBuilderHelper
Event: 1.931 loading class java/math/BigDecimal$StringBuilderHelper done
Event: 5.286 loading class java/time/Year
Event: 5.287 loading class java/time/Year done
Event: 5.287 loading class java/time/Month$1
Event: 5.287 loading class java/time/Month$1 done
Event: 8.095 loading class jdk/internal/access/foreign/MemorySegmentProxy
Event: 8.096 loading class jdk/internal/access/foreign/MemorySegmentProxy done


Dynamic libraries:
0x00007ff7bafb0000 - 0x00007ff7bafc0000 	C:\Program Files\Java\jdk-17\bin\javaw.exe
0x00007fffebdd0000 - 0x00007fffebfe4000 	C:\windows\SYSTEM32\ntdll.dll
0x00007fffeac40000 - 0x00007fffead04000 	C:\windows\System32\KERNEL32.DLL
0x00007fffe9300000 - 0x00007fffe96a4000 	C:\windows\System32\KERNELBASE.dll
0x00007fffe9810000 - 0x00007fffe9921000 	C:\windows\System32\ucrtbase.dll
0x00007fffbd6f0000 - 0x00007fffbd708000 	C:\Program Files\Java\jdk-17\bin\jli.dll
0x00007fffe9e80000 - 0x00007fffe9f30000 	C:\windows\System32\ADVAPI32.dll
0x00007fffe9f30000 - 0x00007fffe9fd7000 	C:\windows\System32\msvcrt.dll
0x00007fffead70000 - 0x00007fffeae16000 	C:\windows\System32\sechost.dll
0x00007fffe9d00000 - 0x00007fffe9e17000 	C:\windows\System32\RPCRT4.dll
0x00007fffebb00000 - 0x00007fffebcaa000 	C:\windows\System32\USER32.dll
0x00007fffe91b0000 - 0x00007fffe91d6000 	C:\windows\System32\win32u.dll
0x00007fffebad0000 - 0x00007fffebaf9000 	C:\windows\System32\GDI32.dll
0x00007fffe91e0000 - 0x00007fffe92f9000 	C:\windows\System32\gdi32full.dll
0x00007fffe9770000 - 0x00007fffe980a000 	C:\windows\System32\msvcp_win.dll
0x00007fffbd600000 - 0x00007fffbd61b000 	C:\Program Files\Java\jdk-17\bin\VCRUNTIME140.dll
0x00007fffceee0000 - 0x00007fffcf16f000 	C:\windows\WinSxS\amd64_microsoft.windows.common-controls_6595b64144ccf1df_6.0.22621.2070_none_2713e6537381f706\COMCTL32.dll
0x00007fffdfc30000 - 0x00007fffdfc3a000 	C:\windows\SYSTEM32\VERSION.dll
0x00007fffe9e40000 - 0x00007fffe9e71000 	C:\windows\System32\IMM32.DLL
0x00007fffc8a90000 - 0x00007fffc8a9c000 	C:\Program Files\Java\jdk-17\bin\vcruntime140_1.dll
0x00007fffab8e0000 - 0x00007fffab96e000 	C:\Program Files\Java\jdk-17\bin\msvcp140.dll
0x00007fff7c3e0000 - 0x00007fff7cfb7000 	C:\Program Files\Java\jdk-17\bin\server\jvm.dll
0x00007fffebaa0000 - 0x00007fffebaa8000 	C:\windows\System32\PSAPI.DLL
0x00007fff985f0000 - 0x00007fff985f9000 	C:\windows\SYSTEM32\WSOCK32.dll
0x00007fffe9b90000 - 0x00007fffe9c01000 	C:\windows\System32\WS2_32.dll
0x00007fffe13c0000 - 0x00007fffe13f4000 	C:\windows\SYSTEM32\WINMM.dll
0x00007fffe81a0000 - 0x00007fffe81b8000 	C:\windows\SYSTEM32\kernel.appcore.dll
0x00007fffc8440000 - 0x00007fffc844a000 	C:\Program Files\Java\jdk-17\bin\jimage.dll
0x00007fffe6d20000 - 0x00007fffe6f4e000 	C:\windows\SYSTEM32\DBGHELP.DLL
0x00007fffeaff0000 - 0x00007fffeb37a000 	C:\windows\System32\combase.dll
0x00007fffebcb0000 - 0x00007fffebd87000 	C:\windows\System32\OLEAUT32.dll
0x00007fffc55e0000 - 0x00007fffc5612000 	C:\windows\SYSTEM32\dbgcore.DLL
0x00007fffe9930000 - 0x00007fffe99aa000 	C:\windows\System32\bcryptPrimitives.dll
0x00007fffbd0a0000 - 0x00007fffbd0c5000 	C:\Program Files\Java\jdk-17\bin\java.dll
0x00007fff97480000 - 0x00007fff97557000 	C:\Program Files\Java\jdk-17\bin\jsvml.dll
0x00007fffea420000 - 0x00007fffeac36000 	C:\windows\System32\SHELL32.dll
0x00007fffe7180000 - 0x00007fffe7a6a000 	C:\windows\SYSTEM32\windows.storage.dll
0x00007fffe7040000 - 0x00007fffe717e000 	C:\windows\SYSTEM32\wintypes.dll
0x00007fffeb9a0000 - 0x00007fffeba93000 	C:\windows\System32\SHCORE.dll
0x00007fffe9ca0000 - 0x00007fffe9cfe000 	C:\windows\System32\shlwapi.dll
0x00007fffe90e0000 - 0x00007fffe9106000 	C:\windows\SYSTEM32\profapi.dll
0x00007fffbcd00000 - 0x00007fffbcd19000 	C:\Program Files\Java\jdk-17\bin\net.dll
0x00007fffe1280000 - 0x00007fffe13b7000 	C:\windows\SYSTEM32\WINHTTP.dll
0x00007fffe8670000 - 0x00007fffe86d9000 	C:\windows\system32\mswsock.dll
0x00007fffbc6f0000 - 0x00007fffbc706000 	C:\Program Files\Java\jdk-17\bin\nio.dll
0x00007fffbbbe0000 - 0x00007fffbbbf8000 	C:\Program Files\Java\jdk-17\bin\zip.dll
0x00007fff86ba0000 - 0x00007fff86d31000 	C:\Program Files\Java\jdk-17\bin\awt.dll
0x00007fffe5600000 - 0x00007fffe5697000 	C:\windows\SYSTEM32\apphelp.dll

dbghelp: loaded successfully - version: 4.0.5 - missing functions: none
symbol engine: initialized successfully - sym options: 0x614 - pdb path: .;C:\Program Files\Java\jdk-17\bin;C:\windows\SYSTEM32;C:\windows\WinSxS\amd64_microsoft.windows.common-controls_6595b64144ccf1df_6.0.22621.2070_none_2713e6537381f706;C:\Program Files\Java\jdk-17\bin\server

VM Arguments:
jvm_args: -Dfile.encoding=UTF-8 -XX:+ShowCodeDetailsInExceptionMessages 
java_command: com.wise.portfolio.PortfolioApp
java_class_path (initial): C:\Users\mavin\git\portfolio\Portfolio\Portfolio\build\classes;C:\Users\mavin\.ivy2\cache\org.slf4j\slf4j-reload4j\jars\slf4j-reload4j-1.7.36.jar;C:\Users\mavin\.ivy2\cache\org.slf4j\slf4j-api\jars\slf4j-api-1.7.36.jar;C:\Users\mavin\.ivy2\cache\ch.qos.reload4j\reload4j\jars\reload4j-1.2.19.jar;C:\Users\mavin\.ivy2\cache\com.itextpdf\io\jars\io-7.0.4.jar;C:\Users\mavin\.ivy2\cache\com.itextpdf\pdftest\jars\pdftest-7.0.4.jar;C:\Users\mavin\.ivy2\cache\ch.qos.logback\logback-classic\jars\logback-classic-1.1.3.jar;C:\Users\mavin\.ivy2\cache\ch.qos.logback\logback-core\jars\logback-core-1.1.3.jar;C:\Users\mavin\.ivy2\cache\pl.pragmatists\JUnitParams\jars\JUnitParams-1.0.4.jar;C:\Users\mavin\.ivy2\cache\com.itextpdf\layout\jars\layout-7.0.4.jar;C:\Users\mavin\.ivy2\cache\com.itextpdf\kernel\jars\kernel-7.0.4.jar;C:\Users\mavin\.ivy2\cache\com.itextpdf\font-asian\jars\font-asian-7.0.4.jar;C:\Users\mavin\.ivy2\cache\org.bouncycastle\bcprov-jdk15on\jars\bcprov-jdk15on-1.49.jar;C:\Users\mavin\.ivy2\cache\org.bouncycastle\bcpkix-jdk15on\jars\bcpkix-jdk15on-1.49.jar;C:\Users\mavin\.ivy2\cache\org.jfree\jfreechart\jars\jfreechart-1.5.3.jar;C:\Users\mavin\.ivy2\cache\javax.servlet\servlet-api\jars\servlet-api-2.5.jar;C:\Users\mavin\.ivy2\cache\org.opentest4j\opentest4j\jars\opentest4j-1.2.0.jar;C:\Users\mavin\.ivy2\cache\com.orsonpdf\orsonpdf\jars\orsonpdf-1.7.jar;C:\Users\mavin\.ivy2\cache\org.apache.commons\commons-lang3\jars\commons-lang3-3.7.jar;C:\Users\mavin\.ivy2\cache\org.hamcrest\hamcrest-all\jars\hamcrest-all-1.3.jar;C:\Users\mavin\.ivy2\cache\org.easymock\easymock\jars\easymock-3.5.jar;C:\Users\mavin\.ivy2\cache\org.openjdk.jmh\jmh-core\jars\jmh-core-1.19.jar;C:\Users\mavin\.ivy2\cache\net.sf.jopt-simple\jopt-simple\jars\jopt-simple-4.6.jar;C:\Users\mavin\.ivy2\cache\org.apache.commons\commons-math3\jars\commons-math3-3.2.jar;C:\Users\mavin\.ivy2\cache\org.openjdk.jmh\jmh-generator-annprocess\jars\jmh-generator-annprocess-1.19.jar;C:\Users
Launcher Type: SUN_STANDARD

[Global flags]
     intx CICompilerCount                          = 3                                         {product} {ergonomic}
     uint ConcGCThreads                            = 1                                         {product} {ergonomic}
     uint G1ConcRefinementThreads                  = 4                                         {product} {ergonomic}
   size_t G1HeapRegionSize                         = 1048576                                   {product} {ergonomic}
    uintx GCDrainStackTargetSize                   = 64                                        {product} {ergonomic}
   size_t InitialHeapSize                          = 65011712                                  {product} {ergonomic}
   size_t MarkStackSize                            = 4194304                                   {product} {ergonomic}
   size_t MaxHeapSize                              = 1025507328                                {product} {ergonomic}
   size_t MaxNewSize                               = 614465536                                 {product} {ergonomic}
   size_t MinHeapDeltaBytes                        = 1048576                                   {product} {ergonomic}
   size_t MinHeapSize                              = 8388608                                   {product} {ergonomic}
    uintx NonNMethodCodeHeapSize                   = 5832780                                {pd product} {ergonomic}
    uintx NonProfiledCodeHeapSize                  = 122912730                              {pd product} {ergonomic}
    uintx ProfiledCodeHeapSize                     = 122912730                              {pd product} {ergonomic}
    uintx ReservedCodeCacheSize                    = 251658240                              {pd product} {ergonomic}
     bool SegmentedCodeCache                       = true                                      {product} {ergonomic}
     bool ShowCodeDetailsInExceptionMessages       = true                                   {manageable} {command line}
   size_t SoftMaxHeapSize                          = 1025507328                             {manageable} {ergonomic}
     bool UseCompressedClassPointers               = true                           {product lp64_product} {ergonomic}
     bool UseCompressedOops                        = true                           {product lp64_product} {ergonomic}
     bool UseG1GC                                  = true                                      {product} {ergonomic}
     bool UseLargePagesIndividualAllocation        = false                                  {pd product} {ergonomic}

Logging:
Log output configuration:
 #0: stdout all=warning uptime,level,tags
 #1: stderr all=off uptime,level,tags

Environment Variables:
PATH=C:/Users/mavin/.p2/pool/plugins/org.eclipse.justj.openjdk.hotspot.jre.full.win32.x86_64_17.0.6.v20230204-1729/jre/bin/server;C:/Users/mavin/.p2/pool/plugins/org.eclipse.justj.openjdk.hotspot.jre.full.win32.x86_64_17.0.6.v20230204-1729/jre/bin;C:\Program Files\Common Files\Oracle\Java\javapath;C:\Program Files (x86)\Common Files\Oracle\Java\javapath;C:\windows\system32;C:\windows;C:\windows\System32\Wbem;C:\windows\System32\WindowsPowerShell\v1.0\;C:\windows\System32\OpenSSH\;C:\Users\mavin\AppData\Local\Microsoft\WindowsApps;C:\Users\mavin\AppData\Local\GitHubDesktop\bin;C:\Users\mavin\OneDrive\Desktop;
USERNAME=mavin
OS=Windows_NT
PROCESSOR_IDENTIFIER=Intel64 Family 6 Model 122 Stepping 8, GenuineIntel



---------------  S Y S T E M  ---------------

OS:
 Windows 11 , 64 bit Build 22621 (10.0.22621.2070)
OS uptime: 10 days 14:09 hours

CPU: total 4 (initial active 4) (4 cores per cpu, 1 threads per core) family 6 model 122 stepping 8 microcode 0x22, cx8, cmov, fxsr, mmx, 3dnowpref, sse, sse2, sse3, ssse3, sse4.1, sse4.2, popcnt, tsc, tscinvbit, aes, erms, clmul, sha, clflush, clflushopt

Memory: 4k page, system-wide physical 3911M (186M free)
TotalPageFile size 11256M (AvailPageFile size 4M)
current process WorkingSet (physical memory assigned to process): 105M, peak: 105M
current process commit charge ("private bytes"): 157M, peak: 157M

vm_info: Java HotSpot(TM) 64-Bit Server VM (17.0.6+9-LTS-190) for windows-amd64 JRE (17.0.6+9-LTS-190), built on Dec  6 2022 15:53:54 by "mach5one" with MS VC++ 17.1 (VS2022)

END.
