#
# There is insufficient memory for the Java Runtime Environment to continue.
# Native memory allocation (malloc) failed to allocate 501616 bytes for Chunk::new
# Possible reasons:
#   The system is out of physical RAM or swap space
#   The process is running with CompressedOops enabled, and the Java Heap may be blocking the growth of the native heap
# Possible solutions:
#   Reduce memory load on the system
#   Increase physical memory or swap space
#   Check if swap backing store is full
#   Decrease Java heap size (-Xmx/-Xms)
#   Decrease number of Java threads
#   Decrease Java thread stack sizes (-Xss)
#   Set larger code cache with -XX:ReservedCodeCacheSize=
#   JVM is running with Unscaled Compressed Oops mode in which the Java heap is
#     placed in the first 4GB address space. The Java Heap base address is the
#     maximum limit for the native heap growth. Please use -XX:HeapBaseMinAddress
#     to set the Java Heap base and to place the Java Heap above 4GB virtual address.
# This output file may be truncated or incomplete.
#
#  Out of Memory Error (arena.cpp:189), pid=16884, tid=18948
#
# JRE version: OpenJDK Runtime Environment Temurin-17.0.6+10 (17.0.6+10) (build 17.0.6+10)
# Java VM: OpenJDK 64-Bit Server VM Temurin-17.0.6+10 (17.0.6+10, mixed mode, tiered, compressed oops, compressed class ptrs, g1 gc, windows-amd64)
# No core dump will be written. Minidumps are not enabled by default on client versions of Windows
#

---------------  S U M M A R Y ------------

Command Line: -Dfile.encoding=UTF-8 -XX:+ShowCodeDetailsInExceptionMessages com.wise.portfolio.data.PortfolioApp

Host: Intel(R) Celeron(R) N4120 CPU @ 1.10GHz, 4 cores, 3G,  Windows 11 , 64 bit Build 22621 (10.0.22621.1778)
Time: Tue Jul  4 14:48:50 2023 Eastern Daylight Time elapsed time: 3.584122 seconds (0d 0h 0m 3s)

---------------  T H R E A D  ---------------

Current thread (0x0000025ab100efb0):  JavaThread "C2 CompilerThread0" daemon [_thread_in_native, id=18948, stack(0x000000d033300000,0x000000d033400000)]


Current CompileTask:
C2:   3584 1378       4       java.time.chrono.AbstractChronology::resolveDate (215 bytes)

Stack: [0x000000d033300000,0x000000d033400000]
Native frames: (J=compiled Java code, j=interpreted, Vv=VM code, C=native code)
V  [jvm.dll+0x67741a]
V  [jvm.dll+0x834434]
V  [jvm.dll+0x835bde]
V  [jvm.dll+0x836243]
V  [jvm.dll+0x2457b5]
V  [jvm.dll+0xabafc]
V  [jvm.dll+0xac0cc]
V  [jvm.dll+0x3634e7]
V  [jvm.dll+0x32dda1]
V  [jvm.dll+0x32d24a]
V  [jvm.dll+0x2185f1]
V  [jvm.dll+0x217a11]
V  [jvm.dll+0x1a3d0d]
V  [jvm.dll+0x22742a]
V  [jvm.dll+0x225565]
V  [jvm.dll+0x7ea2cb]
V  [jvm.dll+0x7e483a]
V  [jvm.dll+0x6762c5]
C  [ucrtbase.dll+0x29363]
C  [KERNEL32.DLL+0x126ad]
C  [ntdll.dll+0x5a9f8]


---------------  P R O C E S S  ---------------

Threads class SMR info:
_java_thread_list=0x0000025ab1252490, length=12, elements={
0x0000025a975ccda0, 0x0000025ab04fb020, 0x0000025ab04fbe50, 0x0000025ab04e7360,
0x0000025ab100a080, 0x0000025ab100c950, 0x0000025ab100d300, 0x0000025ab100efb0,
0x0000025ab1043490, 0x0000025ab054e350, 0x0000025ab127ce90, 0x0000025ab1296af0
}

Java Threads: ( => current thread )
  0x0000025a975ccda0 JavaThread "main" [_thread_in_Java, id=10892, stack(0x000000d032400000,0x000000d032500000)]
  0x0000025ab04fb020 JavaThread "Reference Handler" daemon [_thread_blocked, id=16572, stack(0x000000d032c00000,0x000000d032d00000)]
  0x0000025ab04fbe50 JavaThread "Finalizer" daemon [_thread_blocked, id=8952, stack(0x000000d032d00000,0x000000d032e00000)]
  0x0000025ab04e7360 JavaThread "Signal Dispatcher" daemon [_thread_blocked, id=16148, stack(0x000000d032f00000,0x000000d033000000)]
  0x0000025ab100a080 JavaThread "Attach Listener" daemon [_thread_blocked, id=15952, stack(0x000000d033000000,0x000000d033100000)]
  0x0000025ab100c950 JavaThread "Service Thread" daemon [_thread_blocked, id=10264, stack(0x000000d033100000,0x000000d033200000)]
  0x0000025ab100d300 JavaThread "Monitor Deflation Thread" daemon [_thread_blocked, id=16808, stack(0x000000d033200000,0x000000d033300000)]
=>0x0000025ab100efb0 JavaThread "C2 CompilerThread0" daemon [_thread_in_native, id=18948, stack(0x000000d033300000,0x000000d033400000)]
  0x0000025ab1043490 JavaThread "C1 CompilerThread0" daemon [_thread_blocked, id=3928, stack(0x000000d033400000,0x000000d033500000)]
  0x0000025ab054e350 JavaThread "Sweeper thread" daemon [_thread_blocked, id=18312, stack(0x000000d033500000,0x000000d033600000)]
  0x0000025ab127ce90 JavaThread "Notification Thread" daemon [_thread_blocked, id=14104, stack(0x000000d033600000,0x000000d033700000)]
  0x0000025ab1296af0 JavaThread "Common-Cleaner" daemon [_thread_blocked, id=16796, stack(0x000000d033800000,0x000000d033900000)]

Other Threads:
  0x0000025ab04d6630 VMThread "VM Thread" [stack: 0x000000d032b00000,0x000000d032c00000] [id=14532]
  0x0000025ab1283380 WatcherThread [stack: 0x000000d033700000,0x000000d033800000] [id=5748]
  0x0000025a9760aa80 GCTaskThread "GC Thread#0" [stack: 0x000000d032600000,0x000000d032700000] [id=10844]
  0x0000025ab1380890 GCTaskThread "GC Thread#1" [stack: 0x000000d033900000,0x000000d033a00000] [id=18904]
  0x0000025ab1ba2d30 GCTaskThread "GC Thread#2" [stack: 0x000000d033a00000,0x000000d033b00000] [id=17540]
  0x0000025ab158bba0 GCTaskThread "GC Thread#3" [stack: 0x000000d033b00000,0x000000d033c00000] [id=17900]
  0x0000025a97613400 ConcurrentGCThread "G1 Main Marker" [stack: 0x000000d032700000,0x000000d032800000] [id=10736]
  0x0000025a97614710 ConcurrentGCThread "G1 Conc#0" [stack: 0x000000d032800000,0x000000d032900000] [id=14416]
  0x0000025a97651a40 ConcurrentGCThread "G1 Refine#0" [stack: 0x000000d032900000,0x000000d032a00000] [id=19016]
  0x0000025ab158b7c0 ConcurrentGCThread "G1 Refine#1" [stack: 0x000000d033c00000,0x000000d033d00000] [id=18364]
  0x0000025a97653f60 ConcurrentGCThread "G1 Service" [stack: 0x000000d032a00000,0x000000d032b00000] [id=18972]

Threads with active compile tasks:
C2 CompilerThread0     3664 1378       4       java.time.chrono.AbstractChronology::resolveDate (215 bytes)

VM state: not at safepoint (normal execution)

VM Mutex/Monitor currently owned by a thread: None

Heap address: 0x00000000c2e00000, size: 978 MB, Compressed Oops mode: 32-bit

CDS archive(s) not mapped
Compressed class space mapped at: 0x0000000100000000-0x0000000140000000, reserved size: 1073741824
Narrow klass base: 0x0000000000000000, Narrow klass shift: 3, Narrow klass range: 0x140000000

GC Precious Log:
 CPUs: 4 total, 4 available
 Memory: 3911M
 Large Page Support: Disabled
 NUMA Support: Disabled
 Compressed Oops: Enabled (32-bit)
 Heap Region Size: 1M
 Heap Min Capacity: 8M
 Heap Initial Capacity: 62M
 Heap Max Capacity: 978M
 Pre-touch: Disabled
 Parallel Workers: 4
 Concurrent Workers: 1
 Concurrent Refinement Workers: 4
 Periodic GC: Disabled

Heap:
 garbage-first heap   total 63488K, used 39847K [0x00000000c2e00000, 0x0000000100000000)
  region size 1024K, 29 young (29696K), 2 survivors (2048K)
 Metaspace       used 9792K, committed 9984K, reserved 1064960K
  class space    used 783K, committed 896K, reserved 1048576K

Heap Regions: E=young(eden), S=young(survivor), O=old, HS=humongous(starts), HC=humongous(continues), CS=collection set, F=free, OA=open archive, CA=closed archive, TAMS=top-at-mark-start (previous, next)
|   0|0x00000000c2e00000, 0x00000000c2f00000, 0x00000000c2f00000|100%|HS|  |TAMS 0x00000000c2e00000, 0x00000000c2e00000| Complete 
|   1|0x00000000c2f00000, 0x00000000c3000000, 0x00000000c3000000|100%|HS|  |TAMS 0x00000000c2f00000, 0x00000000c2f00000| Complete 
|   2|0x00000000c3000000, 0x00000000c3100000, 0x00000000c3100000|100%|HC|  |TAMS 0x00000000c3000000, 0x00000000c3000000| Complete 
|   3|0x00000000c3100000, 0x00000000c3200000, 0x00000000c3200000|100%| O|  |TAMS 0x00000000c3100000, 0x00000000c3100000| Untracked 
|   4|0x00000000c3200000, 0x00000000c3300000, 0x00000000c3300000|100%| O|  |TAMS 0x00000000c3200000, 0x00000000c3200000| Untracked 
|   5|0x00000000c3300000, 0x00000000c3400000, 0x00000000c3400000|100%| O|  |TAMS 0x00000000c3300000, 0x00000000c3300000| Untracked 
|   6|0x00000000c3400000, 0x00000000c3500000, 0x00000000c3500000|100%| O|  |TAMS 0x00000000c3400000, 0x00000000c3400000| Untracked 
|   7|0x00000000c3500000, 0x00000000c3600000, 0x00000000c3600000|100%| O|  |TAMS 0x00000000c3500000, 0x00000000c3500000| Untracked 
|   8|0x00000000c3600000, 0x00000000c3700000, 0x00000000c3700000|100%| O|  |TAMS 0x00000000c3600000, 0x00000000c3600000| Untracked 
|   9|0x00000000c3700000, 0x00000000c3800000, 0x00000000c3800000|100%| O|  |TAMS 0x00000000c3700000, 0x00000000c3700000| Untracked 
|  10|0x00000000c3800000, 0x00000000c3900000, 0x00000000c3900000|100%| O|  |TAMS 0x00000000c3800000, 0x00000000c3800000| Untracked 
|  11|0x00000000c3900000, 0x00000000c3971200, 0x00000000c3a00000| 44%| O|  |TAMS 0x00000000c3900000, 0x00000000c3900000| Untracked 
|  12|0x00000000c3a00000, 0x00000000c3a00000, 0x00000000c3b00000|  0%| F|  |TAMS 0x00000000c3a00000, 0x00000000c3a00000| Untracked 
|  13|0x00000000c3b00000, 0x00000000c3b00000, 0x00000000c3c00000|  0%| F|  |TAMS 0x00000000c3b00000, 0x00000000c3b00000| Untracked 
|  14|0x00000000c3c00000, 0x00000000c3c00000, 0x00000000c3d00000|  0%| F|  |TAMS 0x00000000c3c00000, 0x00000000c3c00000| Untracked 
|  15|0x00000000c3d00000, 0x00000000c3d00000, 0x00000000c3e00000|  0%| F|  |TAMS 0x00000000c3d00000, 0x00000000c3d00000| Untracked 
|  16|0x00000000c3e00000, 0x00000000c3e00000, 0x00000000c3f00000|  0%| F|  |TAMS 0x00000000c3e00000, 0x00000000c3e00000| Untracked 
|  17|0x00000000c3f00000, 0x00000000c3f00000, 0x00000000c4000000|  0%| F|  |TAMS 0x00000000c3f00000, 0x00000000c3f00000| Untracked 
|  18|0x00000000c4000000, 0x00000000c4000000, 0x00000000c4100000|  0%| F|  |TAMS 0x00000000c4000000, 0x00000000c4000000| Untracked 
|  19|0x00000000c4100000, 0x00000000c4100000, 0x00000000c4200000|  0%| F|  |TAMS 0x00000000c4100000, 0x00000000c4100000| Untracked 
|  20|0x00000000c4200000, 0x00000000c4200000, 0x00000000c4300000|  0%| F|  |TAMS 0x00000000c4200000, 0x00000000c4200000| Untracked 
|  21|0x00000000c4300000, 0x00000000c4300000, 0x00000000c4400000|  0%| F|  |TAMS 0x00000000c4300000, 0x00000000c4300000| Untracked 
|  22|0x00000000c4400000, 0x00000000c4400000, 0x00000000c4500000|  0%| F|  |TAMS 0x00000000c4400000, 0x00000000c4400000| Untracked 
|  23|0x00000000c4500000, 0x00000000c4500000, 0x00000000c4600000|  0%| F|  |TAMS 0x00000000c4500000, 0x00000000c4500000| Untracked 
|  24|0x00000000c4600000, 0x00000000c4600000, 0x00000000c4700000|  0%| F|  |TAMS 0x00000000c4600000, 0x00000000c4600000| Untracked 
|  25|0x00000000c4700000, 0x00000000c4700000, 0x00000000c4800000|  0%| F|  |TAMS 0x00000000c4700000, 0x00000000c4700000| Untracked 
|  26|0x00000000c4800000, 0x00000000c4800000, 0x00000000c4900000|  0%| F|  |TAMS 0x00000000c4800000, 0x00000000c4800000| Untracked 
|  27|0x00000000c4900000, 0x00000000c4900000, 0x00000000c4a00000|  0%| F|  |TAMS 0x00000000c4900000, 0x00000000c4900000| Untracked 
|  28|0x00000000c4a00000, 0x00000000c4a00000, 0x00000000c4b00000|  0%| F|  |TAMS 0x00000000c4a00000, 0x00000000c4a00000| Untracked 
|  29|0x00000000c4b00000, 0x00000000c4b78bd0, 0x00000000c4c00000| 47%| S|CS|TAMS 0x00000000c4b00000, 0x00000000c4b00000| Complete 
|  30|0x00000000c4c00000, 0x00000000c4d00000, 0x00000000c4d00000|100%| S|CS|TAMS 0x00000000c4c00000, 0x00000000c4c00000| Complete 
|  31|0x00000000c4d00000, 0x00000000c4d00000, 0x00000000c4e00000|  0%| F|  |TAMS 0x00000000c4d00000, 0x00000000c4d00000| Untracked 
|  32|0x00000000c4e00000, 0x00000000c4e00000, 0x00000000c4f00000|  0%| F|  |TAMS 0x00000000c4e00000, 0x00000000c4e00000| Untracked 
|  33|0x00000000c4f00000, 0x00000000c4f00000, 0x00000000c5000000|  0%| F|  |TAMS 0x00000000c4f00000, 0x00000000c4f00000| Untracked 
|  34|0x00000000c5000000, 0x00000000c5000000, 0x00000000c5100000|  0%| F|  |TAMS 0x00000000c5000000, 0x00000000c5000000| Untracked 
|  35|0x00000000c5100000, 0x00000000c5180800, 0x00000000c5200000| 50%| E|  |TAMS 0x00000000c5100000, 0x00000000c5100000| Complete 
|  36|0x00000000c5200000, 0x00000000c5300000, 0x00000000c5300000|100%| E|CS|TAMS 0x00000000c5200000, 0x00000000c5200000| Complete 
|  37|0x00000000c5300000, 0x00000000c5400000, 0x00000000c5400000|100%| E|CS|TAMS 0x00000000c5300000, 0x00000000c5300000| Complete 
|  38|0x00000000c5400000, 0x00000000c5500000, 0x00000000c5500000|100%| E|CS|TAMS 0x00000000c5400000, 0x00000000c5400000| Complete 
|  39|0x00000000c5500000, 0x00000000c5600000, 0x00000000c5600000|100%| E|CS|TAMS 0x00000000c5500000, 0x00000000c5500000| Complete 
|  40|0x00000000c5600000, 0x00000000c5700000, 0x00000000c5700000|100%| E|CS|TAMS 0x00000000c5600000, 0x00000000c5600000| Complete 
|  41|0x00000000c5700000, 0x00000000c5800000, 0x00000000c5800000|100%| E|CS|TAMS 0x00000000c5700000, 0x00000000c5700000| Complete 
|  42|0x00000000c5800000, 0x00000000c5900000, 0x00000000c5900000|100%| E|CS|TAMS 0x00000000c5800000, 0x00000000c5800000| Complete 
|  43|0x00000000c5900000, 0x00000000c5a00000, 0x00000000c5a00000|100%| E|CS|TAMS 0x00000000c5900000, 0x00000000c5900000| Complete 
|  44|0x00000000c5a00000, 0x00000000c5b00000, 0x00000000c5b00000|100%| E|CS|TAMS 0x00000000c5a00000, 0x00000000c5a00000| Complete 
|  45|0x00000000c5b00000, 0x00000000c5c00000, 0x00000000c5c00000|100%| E|CS|TAMS 0x00000000c5b00000, 0x00000000c5b00000| Complete 
|  46|0x00000000c5c00000, 0x00000000c5d00000, 0x00000000c5d00000|100%| E|CS|TAMS 0x00000000c5c00000, 0x00000000c5c00000| Complete 
|  47|0x00000000c5d00000, 0x00000000c5e00000, 0x00000000c5e00000|100%| E|CS|TAMS 0x00000000c5d00000, 0x00000000c5d00000| Complete 
|  48|0x00000000c5e00000, 0x00000000c5f00000, 0x00000000c5f00000|100%| E|CS|TAMS 0x00000000c5e00000, 0x00000000c5e00000| Complete 
|  49|0x00000000c5f00000, 0x00000000c6000000, 0x00000000c6000000|100%| E|CS|TAMS 0x00000000c5f00000, 0x00000000c5f00000| Complete 
|  50|0x00000000c6000000, 0x00000000c6100000, 0x00000000c6100000|100%| E|CS|TAMS 0x00000000c6000000, 0x00000000c6000000| Complete 
|  51|0x00000000c6100000, 0x00000000c6200000, 0x00000000c6200000|100%| E|CS|TAMS 0x00000000c6100000, 0x00000000c6100000| Complete 
|  52|0x00000000c6200000, 0x00000000c6300000, 0x00000000c6300000|100%| E|CS|TAMS 0x00000000c6200000, 0x00000000c6200000| Complete 
|  53|0x00000000c6300000, 0x00000000c6400000, 0x00000000c6400000|100%| E|CS|TAMS 0x00000000c6300000, 0x00000000c6300000| Complete 
|  54|0x00000000c6400000, 0x00000000c6500000, 0x00000000c6500000|100%| E|CS|TAMS 0x00000000c6400000, 0x00000000c6400000| Complete 
|  55|0x00000000c6500000, 0x00000000c6600000, 0x00000000c6600000|100%| E|CS|TAMS 0x00000000c6500000, 0x00000000c6500000| Complete 
|  56|0x00000000c6600000, 0x00000000c6700000, 0x00000000c6700000|100%| E|CS|TAMS 0x00000000c6600000, 0x00000000c6600000| Complete 
|  57|0x00000000c6700000, 0x00000000c6800000, 0x00000000c6800000|100%| E|CS|TAMS 0x00000000c6700000, 0x00000000c6700000| Complete 
|  58|0x00000000c6800000, 0x00000000c6900000, 0x00000000c6900000|100%| E|CS|TAMS 0x00000000c6800000, 0x00000000c6800000| Complete 
|  59|0x00000000c6900000, 0x00000000c6a00000, 0x00000000c6a00000|100%| E|CS|TAMS 0x00000000c6900000, 0x00000000c6900000| Complete 
|  60|0x00000000c6a00000, 0x00000000c6b00000, 0x00000000c6b00000|100%| E|CS|TAMS 0x00000000c6a00000, 0x00000000c6a00000| Complete 
|  61|0x00000000c6b00000, 0x00000000c6c00000, 0x00000000c6c00000|100%| E|CS|TAMS 0x00000000c6b00000, 0x00000000c6b00000| Complete 

Card table byte_map: [0x0000025aabc60000,0x0000025aabe50000] _byte_map_base: 0x0000025aab649000

Marking Bits (Prev, Next): (CMBitMap*) 0x0000025a9760b090, (CMBitMap*) 0x0000025a9760b0d0
 Prev Bits: [0x0000025aac040000, 0x0000025aacf88000)
 Next Bits: [0x0000025aacf90000, 0x0000025aaded8000)

Polling page: 0x0000025a97680000

Metaspace:

Usage:
  Non-class:      8.80 MB used.
      Class:    783.36 KB used.
       Both:      9.56 MB used.

Virtual space:
  Non-class space:       16.00 MB reserved,       8.88 MB ( 55%) committed,  2 nodes.
      Class space:        1.00 GB reserved,     896.00 KB ( <1%) committed,  1 nodes.
             Both:        1.02 GB reserved,       9.75 MB ( <1%) committed. 

Chunk freelists:
   Non-Class:  2.92 MB
       Class:  3.10 MB
        Both:  6.02 MB

MaxMetaspaceSize: unlimited
CompressedClassSpaceSize: 1.00 GB
Initial GC threshold: 21.00 MB
Current GC threshold: 21.00 MB
CDS: off
MetaspaceReclaimPolicy: balanced
 - commit_granule_bytes: 65536.
 - commit_granule_words: 8192.
 - virtual_space_node_default_size: 1048576.
 - enlarge_chunks_in_place: 1.
 - new_chunks_are_fully_committed: 0.
 - uncommit_free_chunks: 1.
 - use_allocation_guard: 0.
 - handle_deallocations: 1.


Internal statistics:

num_allocs_failed_limit: 0.
num_arena_births: 50.
num_arena_deaths: 0.
num_vsnodes_births: 3.
num_vsnodes_deaths: 0.
num_space_committed: 156.
num_space_uncommitted: 0.
num_chunks_returned_to_freelist: 0.
num_chunks_taken_from_freelist: 103.
num_chunk_merges: 0.
num_chunk_splits: 59.
num_chunks_enlarged: 39.
num_purges: 0.
num_inconsistent_stats: 0.

CodeHeap 'non-profiled nmethods': size=120000Kb used=513Kb max_used=513Kb free=119486Kb
 bounds [0x0000025aa3f10000, 0x0000025aa4180000, 0x0000025aab440000]
CodeHeap 'profiled nmethods': size=120000Kb used=2606Kb max_used=2606Kb free=117393Kb
 bounds [0x0000025a9c440000, 0x0000025a9c6d0000, 0x0000025aa3970000]
CodeHeap 'non-nmethods': size=5760Kb used=1142Kb max_used=1163Kb free=4617Kb
 bounds [0x0000025aa3970000, 0x0000025aa3be0000, 0x0000025aa3f10000]
 total_blobs=1805 nmethods=1372 adapters=347
 compilation: enabled
              stopped_count=0, restarted_count=0
 full_count=0

Compilation events (20 events):
Event: 3.345 Thread 0x0000025ab1043490 1370  s    3       sun.nio.ch.ChannelInputStream::read (77 bytes)
Event: 3.345 Thread 0x0000025ab100efb0 nmethod 1354 0x0000025aa3f8b990 code [0x0000025aa3f8bb20, 0x0000025aa3f8bcd8]
Event: 3.345 Thread 0x0000025ab100efb0 1355       4       java.util.HashMap$EntrySet::iterator (12 bytes)
Event: 3.347 Thread 0x0000025ab1043490 nmethod 1370 0x0000025a9c6c7a90 code [0x0000025a9c6c7cc0, 0x0000025a9c6c8588]
Event: 3.347 Thread 0x0000025ab1043490 1371   !   3       sun.nio.ch.FileChannelImpl::read (266 bytes)
Event: 3.349 Thread 0x0000025ab100efb0 nmethod 1355 0x0000025aa3f8bd90 code [0x0000025aa3f8bf20, 0x0000025aa3f8c058]
Event: 3.349 Thread 0x0000025ab100efb0 1357       4       java.time.chrono.IsoChronology::resolveYMD (7 bytes)
Event: 3.350 Thread 0x0000025ab1043490 nmethod 1371 0x0000025a9c6c8890 code [0x0000025a9c6c8ba0, 0x0000025a9c6c9b68]
Event: 3.350 Thread 0x0000025ab1043490 1373       3       sun.nio.ch.Util$BufferCache::get (164 bytes)
Event: 3.351 Thread 0x0000025ab1043490 nmethod 1373 0x0000025a9c6ca310 code [0x0000025a9c6ca540, 0x0000025a9c6caf18]
Event: 3.351 Thread 0x0000025ab1043490 1374       3       java.nio.Buffer$1::acquireScope (41 bytes)
Event: 3.352 Thread 0x0000025ab1043490 nmethod 1374 0x0000025a9c6cb210 code [0x0000025a9c6cb400, 0x0000025a9c6cb798]
Event: 3.412 Thread 0x0000025ab100efb0 nmethod 1357 0x0000025aa3f8c190 code [0x0000025aa3f8c480, 0x0000025aa3f8d5f0]
Event: 3.412 Thread 0x0000025ab100efb0 1376       4       java.util.ArrayList::toArray (57 bytes)
Event: 3.422 Thread 0x0000025ab100efb0 nmethod 1376 0x0000025aa3f8e510 code [0x0000025aa3f8e6a0, 0x0000025aa3f8ea38]
Event: 3.422 Thread 0x0000025ab100efb0 1379       4       com.wise.portfolio.data.PortfolioPriceHistory::addFundPriceSource (53 bytes)
Event: 3.476 Thread 0x0000025ab100efb0 nmethod 1379 0x0000025aa3f8eb90 code [0x0000025aa3f8ed80, 0x0000025aa3f8f838]
Event: 3.477 Thread 0x0000025ab100efb0 1377       4       java.time.LocalDate::create (190 bytes)
Event: 3.481 Thread 0x0000025ab100efb0 nmethod 1377 0x0000025aa3f90090 code [0x0000025aa3f90280, 0x0000025aa3f903b8]
Event: 3.481 Thread 0x0000025ab100efb0 1378       4       java.time.chrono.AbstractChronology::resolveDate (215 bytes)

GC Heap History (10 events):
Event: 1.412 GC heap before
{Heap before GC invocations=0 (full 0):
 garbage-first heap   total 63488K, used 15360K [0x00000000c2e00000, 0x0000000100000000)
  region size 1024K, 13 young (13312K), 0 survivors (0K)
 Metaspace       used 8913K, committed 9024K, reserved 1056768K
  class space    used 744K, committed 832K, reserved 1048576K
}
Event: 1.425 GC heap after
{Heap after GC invocations=1 (full 0):
 garbage-first heap   total 63488K, used 11676K [0x00000000c2e00000, 0x0000000100000000)
  region size 1024K, 2 young (2048K), 2 survivors (2048K)
 Metaspace       used 8913K, committed 9024K, reserved 1056768K
  class space    used 744K, committed 832K, reserved 1048576K
}
Event: 1.748 GC heap before
{Heap before GC invocations=1 (full 0):
 garbage-first heap   total 63488K, used 19868K [0x00000000c2e00000, 0x0000000100000000)
  region size 1024K, 10 young (10240K), 2 survivors (2048K)
 Metaspace       used 9527K, committed 9728K, reserved 1064960K
  class space    used 782K, committed 896K, reserved 1048576K
}
Event: 1.754 GC heap after
{Heap after GC invocations=2 (full 0):
 garbage-first heap   total 63488K, used 12049K [0x00000000c2e00000, 0x0000000100000000)
  region size 1024K, 1 young (1024K), 1 survivors (1024K)
 Metaspace       used 9527K, committed 9728K, reserved 1064960K
  class space    used 782K, committed 896K, reserved 1048576K
}
Event: 2.165 GC heap before
{Heap before GC invocations=2 (full 0):
 garbage-first heap   total 63488K, used 28433K [0x00000000c2e00000, 0x0000000100000000)
  region size 1024K, 17 young (17408K), 1 survivors (1024K)
 Metaspace       used 9630K, committed 9792K, reserved 1064960K
  class space    used 782K, committed 896K, reserved 1048576K
}
Event: 2.169 GC heap after
{Heap after GC invocations=3 (full 0):
 garbage-first heap   total 63488K, used 12297K [0x00000000c2e00000, 0x0000000100000000)
  region size 1024K, 1 young (1024K), 1 survivors (1024K)
 Metaspace       used 9630K, committed 9792K, reserved 1064960K
  class space    used 782K, committed 896K, reserved 1048576K
}
Event: 2.575 GC heap before
{Heap before GC invocations=3 (full 0):
 garbage-first heap   total 63488K, used 39945K [0x00000000c2e00000, 0x0000000100000000)
  region size 1024K, 28 young (28672K), 1 survivors (1024K)
 Metaspace       used 9732K, committed 9920K, reserved 1064960K
  class space    used 783K, committed 896K, reserved 1048576K
}
Event: 2.580 GC heap after
{Heap after GC invocations=4 (full 0):
 garbage-first heap   total 63488K, used 12694K [0x00000000c2e00000, 0x0000000100000000)
  region size 1024K, 1 young (1024K), 1 survivors (1024K)
 Metaspace       used 9732K, committed 9920K, reserved 1064960K
  class space    used 783K, committed 896K, reserved 1048576K
}
Event: 2.942 GC heap before
{Heap before GC invocations=4 (full 0):
 garbage-first heap   total 63488K, used 43414K [0x00000000c2e00000, 0x0000000100000000)
  region size 1024K, 31 young (31744K), 1 survivors (1024K)
 Metaspace       used 9790K, committed 9984K, reserved 1064960K
  class space    used 783K, committed 896K, reserved 1048576K
}
Event: 2.948 GC heap after
{Heap after GC invocations=5 (full 0):
 garbage-first heap   total 63488K, used 13223K [0x00000000c2e00000, 0x0000000100000000)
  region size 1024K, 2 young (2048K), 2 survivors (2048K)
 Metaspace       used 9790K, committed 9984K, reserved 1064960K
  class space    used 783K, committed 896K, reserved 1048576K
}

Dll operation events (6 events):
Event: 0.041 Loaded shared library C:\Users\mavin\.p2\pool\plugins\org.eclipse.justj.openjdk.hotspot.jre.full.win32.x86_64_17.0.6.v20230204-1729\jre\bin\java.dll
Event: 0.714 Loaded shared library C:\Users\mavin\.p2\pool\plugins\org.eclipse.justj.openjdk.hotspot.jre.full.win32.x86_64_17.0.6.v20230204-1729\jre\bin\net.dll
Event: 0.718 Loaded shared library C:\Users\mavin\.p2\pool\plugins\org.eclipse.justj.openjdk.hotspot.jre.full.win32.x86_64_17.0.6.v20230204-1729\jre\bin\nio.dll
Event: 0.736 Loaded shared library C:\Users\mavin\.p2\pool\plugins\org.eclipse.justj.openjdk.hotspot.jre.full.win32.x86_64_17.0.6.v20230204-1729\jre\bin\zip.dll
Event: 1.012 Loaded shared library C:\Users\mavin\.p2\pool\plugins\org.eclipse.justj.openjdk.hotspot.jre.full.win32.x86_64_17.0.6.v20230204-1729\jre\bin\jimage.dll
Event: 1.024 Loaded shared library C:\Users\mavin\.p2\pool\plugins\org.eclipse.justj.openjdk.hotspot.jre.full.win32.x86_64_17.0.6.v20230204-1729\jre\bin\awt.dll

Deoptimization events (20 events):
Event: 1.915 Thread 0x0000025a975ccda0 DEOPT PACKING pc=0x0000025aa3f528a8 sp=0x000000d0324fe8b0
Event: 1.915 Thread 0x0000025a975ccda0 DEOPT UNPACKING pc=0x0000025aa39c699d sp=0x000000d0324fe7f8 mode 2
Event: 2.470 Thread 0x0000025a975ccda0 DEOPT PACKING pc=0x0000025a9c5be049 sp=0x000000d0324fe5e0
Event: 2.470 Thread 0x0000025a975ccda0 DEOPT UNPACKING pc=0x0000025aa39c7124 sp=0x000000d0324fda90 mode 0
Event: 2.558 Thread 0x0000025a975ccda0 DEOPT PACKING pc=0x0000025a9c5df503 sp=0x000000d0324fe830
Event: 2.558 Thread 0x0000025a975ccda0 DEOPT UNPACKING pc=0x0000025aa39c7124 sp=0x000000d0324fdcf8 mode 0
Event: 2.869 Thread 0x0000025a975ccda0 Uncommon trap: trap_request=0xffffff45 fr.pc=0x0000025aa3f7721c relative=0x000000000000015c
Event: 2.869 Thread 0x0000025a975ccda0 Uncommon trap: reason=unstable_if action=reinterpret pc=0x0000025aa3f7721c method=java.util.TreeMap.getEntryUsingComparator(Ljava/lang/Object;)Ljava/util/TreeMap$Entry; @ 19 c2
Event: 2.869 Thread 0x0000025a975ccda0 DEOPT PACKING pc=0x0000025aa3f7721c sp=0x000000d0324fead0
Event: 2.869 Thread 0x0000025a975ccda0 DEOPT UNPACKING pc=0x0000025aa39c699d sp=0x000000d0324fe9d0 mode 2
Event: 3.117 Thread 0x0000025a975ccda0 DEOPT PACKING pc=0x0000025a9c647e06 sp=0x000000d0324feb50
Event: 3.117 Thread 0x0000025a975ccda0 DEOPT UNPACKING pc=0x0000025aa39c7124 sp=0x000000d0324fe230 mode 0
Event: 3.162 Thread 0x0000025a975ccda0 Uncommon trap: trap_request=0xffffffcc fr.pc=0x0000025aa3f84234 relative=0x0000000000000294
Event: 3.162 Thread 0x0000025a975ccda0 Uncommon trap: reason=intrinsic_or_type_checked_inlining action=make_not_entrant pc=0x0000025aa3f84234 method=java.util.Arrays.copyOf([Ljava/lang/Object;ILjava/lang/Class;)[Ljava/lang/Object; @ 35 c2
Event: 3.162 Thread 0x0000025a975ccda0 DEOPT PACKING pc=0x0000025aa3f84234 sp=0x000000d0324fe9b0
Event: 3.162 Thread 0x0000025a975ccda0 DEOPT UNPACKING pc=0x0000025aa39c699d sp=0x000000d0324fe940 mode 2
Event: 3.330 Thread 0x0000025a975ccda0 Uncommon trap: trap_request=0xffffffdc fr.pc=0x0000025aa3f8aea0 relative=0x0000000000000180
Event: 3.330 Thread 0x0000025a975ccda0 Uncommon trap: reason=class_check action=make_not_entrant pc=0x0000025aa3f8aea0 method=java.util.ArrayList.toArray([Ljava/lang/Object;)[Ljava/lang/Object; @ 21 c2
Event: 3.330 Thread 0x0000025a975ccda0 DEOPT PACKING pc=0x0000025aa3f8aea0 sp=0x000000d0324fea10
Event: 3.331 Thread 0x0000025a975ccda0 DEOPT UNPACKING pc=0x0000025aa39c699d sp=0x000000d0324fe9c0 mode 2

Classes unloaded (0 events):
No events

Classes redefined (0 events):
No events

Internal exceptions (6 events):
Event: 0.985 Thread 0x0000025a975ccda0 Exception <a 'java/lang/ClassNotFoundException'{0x00000000c67412e0}: sun/awt/resources/spi/awtProvider> (0x00000000c67412e0) 
thrown [s\src\hotspot\share\classfile\systemDictionary.cpp, line 256]
Event: 1.055 Thread 0x0000025a975ccda0 Exception <a 'java/io/FileNotFoundException'{0x00000000c6797460}> (0x00000000c6797460) 
thrown [s\src\hotspot\share\prims\jni.cpp, line 516]
Event: 1.073 Thread 0x0000025a975ccda0 Exception <a 'java/io/FileNotFoundException'{0x00000000c67c4480}> (0x00000000c67c4480) 
thrown [s\src\hotspot\share\prims\jni.cpp, line 516]
Event: 1.363 Thread 0x0000025a975ccda0 Exception <a 'java/lang/NoSuchMethodError'{0x00000000c5f80038}: 'java.lang.Object java.lang.invoke.DirectMethodHandle$Holder.invokeStatic(java.lang.Object, int, java.lang.Object)'> (0x00000000c5f80038) 
thrown [s\src\hotspot\share\interpreter\linkResolver.cpp, line 759]
Event: 1.402 Thread 0x0000025a975ccda0 Exception <a 'java/lang/NoSuchMethodError'{0x00000000c5fe9008}: 'void java.lang.invoke.DirectMethodHandle$Holder.invokeStatic(java.lang.Object, java.lang.Object)'> (0x00000000c5fe9008) 
thrown [s\src\hotspot\share\interpreter\linkResolver.cpp, line 759]
Event: 1.462 Thread 0x0000025a975ccda0 Exception <a 'java/lang/NoSuchMethodError'{0x00000000c6bd8260}: 'void java.lang.invoke.DirectMethodHandle$Holder.invokeInterface(java.lang.Object, java.lang.Object, java.lang.Object)'> (0x00000000c6bd8260) 
thrown [s\src\hotspot\share\interpreter\linkResolver.cpp, line 759]

VM Operations (16 events):
Event: 0.763 Executing VM operation: HandshakeAllThreads
Event: 0.763 Executing VM operation: HandshakeAllThreads done
Event: 0.875 Executing VM operation: HandshakeAllThreads
Event: 0.875 Executing VM operation: HandshakeAllThreads done
Event: 1.055 Executing VM operation: HandshakeAllThreads
Event: 1.055 Executing VM operation: HandshakeAllThreads done
Event: 1.412 Executing VM operation: G1CollectForAllocation
Event: 1.425 Executing VM operation: G1CollectForAllocation done
Event: 1.748 Executing VM operation: G1CollectForAllocation
Event: 1.754 Executing VM operation: G1CollectForAllocation done
Event: 2.165 Executing VM operation: G1CollectForAllocation
Event: 2.169 Executing VM operation: G1CollectForAllocation done
Event: 2.575 Executing VM operation: G1CollectForAllocation
Event: 2.580 Executing VM operation: G1CollectForAllocation done
Event: 2.941 Executing VM operation: G1CollectForAllocation
Event: 2.949 Executing VM operation: G1CollectForAllocation done

Events (20 events):
Event: 1.512 loading class java/time/temporal/TemporalQueries$2
Event: 1.513 loading class java/time/temporal/TemporalQueries$2 done
Event: 1.513 loading class java/time/temporal/TemporalQueries$3
Event: 1.513 loading class java/time/temporal/TemporalQueries$3 done
Event: 1.513 loading class java/time/temporal/TemporalQueries$4
Event: 1.513 loading class java/time/temporal/TemporalQueries$4 done
Event: 1.513 loading class java/time/temporal/TemporalQueries$5
Event: 1.513 loading class java/time/temporal/TemporalQueries$5 done
Event: 1.513 loading class java/time/temporal/TemporalQueries$6
Event: 1.513 loading class java/time/temporal/TemporalQueries$6 done
Event: 1.513 loading class java/time/temporal/TemporalQueries$7
Event: 1.513 loading class java/time/temporal/TemporalQueries$7 done
Event: 1.520 loading class java/util/TreeMap$Values
Event: 1.520 loading class java/util/TreeMap$Values done
Event: 1.520 loading class java/util/TreeMap$ValueIterator
Event: 1.520 loading class java/util/TreeMap$ValueIterator done
Event: 2.403 loading class java/time/Year
Event: 2.404 loading class java/time/Year done
Event: 2.404 loading class java/time/Month$1
Event: 2.405 loading class java/time/Month$1 done


Dynamic libraries:
0x00007ff7f80a0000 - 0x00007ff7f80ae000 	C:\Users\mavin\.p2\pool\plugins\org.eclipse.justj.openjdk.hotspot.jre.full.win32.x86_64_17.0.6.v20230204-1729\jre\bin\javaw.exe
0x00007ff8bf410000 - 0x00007ff8bf624000 	C:\windows\SYSTEM32\ntdll.dll
0x00007ff8be500000 - 0x00007ff8be5c2000 	C:\windows\System32\KERNEL32.DLL
0x00007ff8bce40000 - 0x00007ff8bd1e3000 	C:\windows\System32\KERNELBASE.dll
0x00007ff8bcc30000 - 0x00007ff8bcd41000 	C:\windows\System32\ucrtbase.dll
0x00007ff8a0bc0000 - 0x00007ff8a0bd7000 	C:\Users\mavin\.p2\pool\plugins\org.eclipse.justj.openjdk.hotspot.jre.full.win32.x86_64_17.0.6.v20230204-1729\jre\bin\jli.dll
0x00007ff8bf040000 - 0x00007ff8bf1eb000 	C:\windows\System32\USER32.dll
0x00007ff8bce10000 - 0x00007ff8bce36000 	C:\windows\System32\win32u.dll
0x00007ff8bef60000 - 0x00007ff8bef89000 	C:\windows\System32\GDI32.dll
0x00007ff8bcaa0000 - 0x00007ff8bcbb9000 	C:\windows\System32\gdi32full.dll
0x00007ff8bc980000 - 0x00007ff8bca1a000 	C:\windows\System32\msvcp_win.dll
0x00007ff89f200000 - 0x00007ff89f219000 	C:\Users\mavin\.p2\pool\plugins\org.eclipse.justj.openjdk.hotspot.jre.full.win32.x86_64_17.0.6.v20230204-1729\jre\bin\VCRUNTIME140.dll
0x00007ff8a3c60000 - 0x00007ff8a3eee000 	C:\windows\WinSxS\amd64_microsoft.windows.common-controls_6595b64144ccf1df_6.0.22621.1635_none_270f70857386168e\COMCTL32.dll
0x00007ff8be440000 - 0x00007ff8be4e7000 	C:\windows\System32\msvcrt.dll
0x00007ff8bd1f0000 - 0x00007ff8bd221000 	C:\windows\System32\IMM32.DLL
0x00007ff8a8340000 - 0x00007ff8a834c000 	C:\Users\mavin\.p2\pool\plugins\org.eclipse.justj.openjdk.hotspot.jre.full.win32.x86_64_17.0.6.v20230204-1729\jre\bin\vcruntime140_1.dll
0x00007ff880e60000 - 0x00007ff880ef1000 	C:\Users\mavin\.p2\pool\plugins\org.eclipse.justj.openjdk.hotspot.jre.full.win32.x86_64_17.0.6.v20230204-1729\jre\bin\msvcp140.dll
0x00007ff86ad60000 - 0x00007ff86b9a7000 	C:\Users\mavin\.p2\pool\plugins\org.eclipse.justj.openjdk.hotspot.jre.full.win32.x86_64_17.0.6.v20230204-1729\jre\bin\server\jvm.dll
0x00007ff8bf2c0000 - 0x00007ff8bf36e000 	C:\windows\System32\ADVAPI32.dll
0x00007ff8bd230000 - 0x00007ff8bd2d4000 	C:\windows\System32\sechost.dll
0x00007ff8be850000 - 0x00007ff8be967000 	C:\windows\System32\RPCRT4.dll
0x00007ff853f10000 - 0x00007ff853f19000 	C:\windows\SYSTEM32\WSOCK32.dll
0x00007ff8bf240000 - 0x00007ff8bf2b1000 	C:\windows\System32\WS2_32.dll
0x00007ff8b4fa0000 - 0x00007ff8b4fd4000 	C:\windows\SYSTEM32\WINMM.dll
0x00007ff8b3c60000 - 0x00007ff8b3c6a000 	C:\windows\SYSTEM32\VERSION.dll
0x00007ff8bb860000 - 0x00007ff8bb878000 	C:\windows\SYSTEM32\kernel.appcore.dll
0x00007ff8a0bb0000 - 0x00007ff8a0bba000 	C:\Users\mavin\.p2\pool\plugins\org.eclipse.justj.openjdk.hotspot.jre.full.win32.x86_64_17.0.6.v20230204-1729\jre\bin\jimage.dll
0x00007ff8ba240000 - 0x00007ff8ba46e000 	C:\windows\SYSTEM32\DBGHELP.DLL
0x00007ff8bd2e0000 - 0x00007ff8bd669000 	C:\windows\System32\combase.dll
0x00007ff8be5d0000 - 0x00007ff8be6a7000 	C:\windows\System32\OLEAUT32.dll
0x00007ff89c320000 - 0x00007ff89c352000 	C:\windows\SYSTEM32\dbgcore.DLL
0x00007ff8bca20000 - 0x00007ff8bca9b000 	C:\windows\System32\bcryptPrimitives.dll
0x00007ff89c360000 - 0x00007ff89c385000 	C:\Users\mavin\.p2\pool\plugins\org.eclipse.justj.openjdk.hotspot.jre.full.win32.x86_64_17.0.6.v20230204-1729\jre\bin\java.dll
0x00007ff89ed80000 - 0x00007ff89ed98000 	C:\Users\mavin\.p2\pool\plugins\org.eclipse.justj.openjdk.hotspot.jre.full.win32.x86_64_17.0.6.v20230204-1729\jre\bin\zip.dll
0x00007ff8bd730000 - 0x00007ff8bdf2a000 	C:\windows\System32\SHELL32.dll
0x00007ff8ba810000 - 0x00007ff8bb0de000 	C:\windows\SYSTEM32\windows.storage.dll
0x00007ff8ba6d0000 - 0x00007ff8ba80e000 	C:\windows\SYSTEM32\wintypes.dll
0x00007ff8be970000 - 0x00007ff8bea61000 	C:\windows\System32\SHCORE.dll
0x00007ff8bf370000 - 0x00007ff8bf3ce000 	C:\windows\System32\shlwapi.dll
0x00007ff8bc740000 - 0x00007ff8bc761000 	C:\windows\SYSTEM32\profapi.dll
0x00007ff898d60000 - 0x00007ff898d79000 	C:\Users\mavin\.p2\pool\plugins\org.eclipse.justj.openjdk.hotspot.jre.full.win32.x86_64_17.0.6.v20230204-1729\jre\bin\net.dll
0x00007ff8b2850000 - 0x00007ff8b2987000 	C:\windows\SYSTEM32\WINHTTP.dll
0x00007ff8bbcd0000 - 0x00007ff8bbd39000 	C:\windows\system32\mswsock.dll
0x00007ff898c70000 - 0x00007ff898c85000 	C:\Users\mavin\.p2\pool\plugins\org.eclipse.justj.openjdk.hotspot.jre.full.win32.x86_64_17.0.6.v20230204-1729\jre\bin\nio.dll
0x00007ff878190000 - 0x00007ff87831e000 	C:\Users\mavin\.p2\pool\plugins\org.eclipse.justj.openjdk.hotspot.jre.full.win32.x86_64_17.0.6.v20230204-1729\jre\bin\awt.dll
0x00007ff8b93f0000 - 0x00007ff8b9487000 	C:\windows\SYSTEM32\apphelp.dll

dbghelp: loaded successfully - version: 4.0.5 - missing functions: none
symbol engine: initialized successfully - sym options: 0x614 - pdb path: .;C:\Users\mavin\.p2\pool\plugins\org.eclipse.justj.openjdk.hotspot.jre.full.win32.x86_64_17.0.6.v20230204-1729\jre\bin;C:\windows\SYSTEM32;C:\windows\WinSxS\amd64_microsoft.windows.common-controls_6595b64144ccf1df_6.0.22621.1635_none_270f70857386168e;C:\Users\mavin\.p2\pool\plugins\org.eclipse.justj.openjdk.hotspot.jre.full.win32.x86_64_17.0.6.v20230204-1729\jre\bin\server

VM Arguments:
jvm_args: -Dfile.encoding=UTF-8 -XX:+ShowCodeDetailsInExceptionMessages 
java_command: com.wise.portfolio.data.PortfolioApp
java_class_path (initial): C:\Users\mavin\git\portfolio\Portfolio\Portfolio\build\classes;C:\Users\mavin\.ivy2\cache\org.slf4j\slf4j-reload4j\jars\slf4j-reload4j-1.7.36.jar;C:\Users\mavin\.ivy2\cache\org.slf4j\slf4j-api\jars\slf4j-api-1.7.36.jar;C:\Users\mavin\.ivy2\cache\ch.qos.reload4j\reload4j\jars\reload4j-1.2.19.jar;C:\Users\mavin\.ivy2\cache\com.itextpdf\io\jars\io-7.0.4.jar;C:\Users\mavin\.ivy2\cache\com.itextpdf\pdftest\jars\pdftest-7.0.4.jar;C:\Users\mavin\.ivy2\cache\ch.qos.logback\logback-classic\jars\logback-classic-1.1.3.jar;C:\Users\mavin\.ivy2\cache\ch.qos.logback\logback-core\jars\logback-core-1.1.3.jar;C:\Users\mavin\.ivy2\cache\pl.pragmatists\JUnitParams\jars\JUnitParams-1.0.4.jar;C:\Users\mavin\.ivy2\cache\com.itextpdf\layout\jars\layout-7.0.4.jar;C:\Users\mavin\.ivy2\cache\com.itextpdf\kernel\jars\kernel-7.0.4.jar;C:\Users\mavin\.ivy2\cache\com.itextpdf\font-asian\jars\font-asian-7.0.4.jar;C:\Users\mavin\.ivy2\cache\org.bouncycastle\bcprov-jdk15on\jars\bcprov-jdk15on-1.49.jar;C:\Users\mavin\.ivy2\cache\org.bouncycastle\bcpkix-jdk15on\jars\bcpkix-jdk15on-1.49.jar;C:\Users\mavin\.ivy2\cache\org.jfree\jfreechart\jars\jfreechart-1.5.3.jar;C:\Users\mavin\.ivy2\cache\javax.servlet\servlet-api\jars\servlet-api-2.5.jar;C:\Users\mavin\.ivy2\cache\org.opentest4j\opentest4j\jars\opentest4j-1.2.0.jar;C:\Users\mavin\.ivy2\cache\com.orsonpdf\orsonpdf\jars\orsonpdf-1.7.jar;C:\Users\mavin\.ivy2\cache\org.apache.commons\commons-lang3\jars\commons-lang3-3.7.jar;C:\Users\mavin\.ivy2\cache\org.hamcrest\hamcrest-all\jars\hamcrest-all-1.3.jar;C:\Users\mavin\.ivy2\cache\org.easymock\easymock\jars\easymock-3.5.jar;C:\Users\mavin\.ivy2\cache\org.openjdk.jmh\jmh-core\jars\jmh-core-1.19.jar;C:\Users\mavin\.ivy2\cache\net.sf.jopt-simple\jopt-simple\jars\jopt-simple-4.6.jar;C:\Users\mavin\.ivy2\cache\org.apache.commons\commons-math3\jars\commons-math3-3.2.jar;C:\Users\mavin\.ivy2\cache\org.openjdk.jmh\jmh-generator-annprocess\jars\jmh-generator-annprocess-1.19.jar;C:\Users
Launcher Type: SUN_STANDARD

[Global flags]
     intx CICompilerCount                          = 3                                         {product} {ergonomic}
     uint ConcGCThreads                            = 1                                         {product} {ergonomic}
     uint G1ConcRefinementThreads                  = 4                                         {product} {ergonomic}
   size_t G1HeapRegionSize                         = 1048576                                   {product} {ergonomic}
    uintx GCDrainStackTargetSize                   = 64                                        {product} {ergonomic}
   size_t InitialHeapSize                          = 65011712                                  {product} {ergonomic}
   size_t MarkStackSize                            = 4194304                                   {product} {ergonomic}
   size_t MaxHeapSize                              = 1025507328                                {product} {ergonomic}
   size_t MaxNewSize                               = 614465536                                 {product} {ergonomic}
   size_t MinHeapDeltaBytes                        = 1048576                                   {product} {ergonomic}
   size_t MinHeapSize                              = 8388608                                   {product} {ergonomic}
    uintx NonNMethodCodeHeapSize                   = 5832780                                {pd product} {ergonomic}
    uintx NonProfiledCodeHeapSize                  = 122912730                              {pd product} {ergonomic}
    uintx ProfiledCodeHeapSize                     = 122912730                              {pd product} {ergonomic}
    uintx ReservedCodeCacheSize                    = 251658240                              {pd product} {ergonomic}
     bool SegmentedCodeCache                       = true                                      {product} {ergonomic}
     bool ShowCodeDetailsInExceptionMessages       = true                                   {manageable} {command line}
   size_t SoftMaxHeapSize                          = 1025507328                             {manageable} {ergonomic}
     bool UseCompressedClassPointers               = true                           {product lp64_product} {ergonomic}
     bool UseCompressedOops                        = true                           {product lp64_product} {ergonomic}
     bool UseG1GC                                  = true                                      {product} {ergonomic}
     bool UseLargePagesIndividualAllocation        = false                                  {pd product} {ergonomic}

Logging:
Log output configuration:
 #0: stdout all=warning uptime,level,tags
 #1: stderr all=off uptime,level,tags

Environment Variables:
PATH=C:/Users/mavin/.p2/pool/plugins/org.eclipse.justj.openjdk.hotspot.jre.full.win32.x86_64_17.0.6.v20230204-1729/jre/bin/server;C:/Users/mavin/.p2/pool/plugins/org.eclipse.justj.openjdk.hotspot.jre.full.win32.x86_64_17.0.6.v20230204-1729/jre/bin;C:\Program Files\Common Files\Oracle\Java\javapath;C:\Program Files (x86)\Common Files\Oracle\Java\javapath;C:\windows\system32;C:\windows;C:\windows\System32\Wbem;C:\windows\System32\WindowsPowerShell\v1.0\;C:\windows\System32\OpenSSH\;C:\Users\mavin\AppData\Local\Microsoft\WindowsApps;C:\Users\mavin\AppData\Local\GitHubDesktop\bin;C:\Users\mavin\OneDrive\Desktop;
USERNAME=mavin
OS=Windows_NT
PROCESSOR_IDENTIFIER=Intel64 Family 6 Model 122 Stepping 8, GenuineIntel
TMP=C:\Users\mavin\AppData\Local\Temp
TEMP=C:\Users\mavin\AppData\Local\Temp



---------------  S Y S T E M  ---------------

OS:
 Windows 11 , 64 bit Build 22621 (10.0.22621.1778)
OS uptime: 13 days 6:01 hours

CPU: total 4 (initial active 4) (4 cores per cpu, 1 threads per core) family 6 model 122 stepping 8 microcode 0x20, cx8, cmov, fxsr, mmx, 3dnowpref, sse, sse2, sse3, ssse3, sse4.1, sse4.2, popcnt, tsc, tscinvbit, aes, erms, clmul, sha, clflush, clflushopt

Memory: 4k page, system-wide physical 3911M (314M free)
TotalPageFile size 11256M (AvailPageFile size 3M)
current process WorkingSet (physical memory assigned to process): 96M, peak: 96M
current process commit charge ("private bytes"): 147M, peak: 147M

vm_info: OpenJDK 64-Bit Server VM (17.0.6+10) for windows-amd64 JRE (17.0.6+10), built on Jan 18 2023 10:08:59 by "temurin" with MS VC++ 16.7 (VS2019)

END.
