#
# There is insufficient memory for the Java Runtime Environment to continue.
# Native memory allocation (mmap) failed to map 15728640 bytes for G1 virtual space
# Possible reasons:
#   The system is out of physical RAM or swap space
#   The process is running with CompressedOops enabled, and the Java Heap may be blocking the growth of the native heap
# Possible solutions:
#   Reduce memory load on the system
#   Increase physical memory or swap space
#   Check if swap backing store is full
#   Decrease Java heap size (-Xmx/-Xms)
#   Decrease number of Java threads
#   Decrease Java thread stack sizes (-Xss)
#   Set larger code cache with -XX:ReservedCodeCacheSize=
#   JVM is running with Unscaled Compressed Oops mode in which the Java heap is
#     placed in the first 4GB address space. The Java Heap base address is the
#     maximum limit for the native heap growth. Please use -XX:HeapBaseMinAddress
#     to set the Java Heap base and to place the Java Heap above 4GB virtual address.
# This output file may be truncated or incomplete.
#
#  Out of Memory Error (os_windows.cpp:3557), pid=11584, tid=6376
#
# JRE version: OpenJDK Runtime Environment Temurin-17.0.6+10 (17.0.6+10) (build 17.0.6+10)
# Java VM: OpenJDK 64-Bit Server VM Temurin-17.0.6+10 (17.0.6+10, mixed mode, tiered, compressed oops, compressed class ptrs, g1 gc, windows-amd64)
# No core dump will be written. Minidumps are not enabled by default on client versions of Windows
#

---------------  S U M M A R Y ------------

Command Line: -Dfile.encoding=UTF-8 -XX:+ShowCodeDetailsInExceptionMessages com.wise.portfolio.data.PortfolioApp

Host: Intel(R) Celeron(R) N4120 CPU @ 1.10GHz, 4 cores, 3G,  Windows 11 , 64 bit Build 22621 (10.0.22621.1778)
Time: Tue Jul  4 14:48:32 2023 Eastern Daylight Time elapsed time: 5.681462 seconds (0d 0h 0m 5s)

---------------  T H R E A D  ---------------

Current thread (0x00000218f7179630):  VMThread "VM Thread" [stack: 0x00000087b5e00000,0x00000087b5f00000] [id=6376]

Stack: [0x00000087b5e00000,0x00000087b5f00000]
Native frames: (J=compiled Java code, j=interpreted, Vv=VM code, C=native code)
V  [jvm.dll+0x67741a]
V  [jvm.dll+0x834434]
V  [jvm.dll+0x835bde]
V  [jvm.dll+0x836243]
V  [jvm.dll+0x2457b5]
V  [jvm.dll+0x674329]
V  [jvm.dll+0x6689da]
V  [jvm.dll+0x30489b]
V  [jvm.dll+0x30bd96]
V  [jvm.dll+0x35b57e]
V  [jvm.dll+0x35b7af]
V  [jvm.dll+0x2db778]
V  [jvm.dll+0x2d9a2c]
V  [jvm.dll+0x2d8ffc]
V  [jvm.dll+0x31cdcb]
V  [jvm.dll+0x83a6eb]
V  [jvm.dll+0x83b424]
V  [jvm.dll+0x83b93c]
V  [jvm.dll+0x83bd14]
V  [jvm.dll+0x83bde0]
V  [jvm.dll+0x7e483a]
V  [jvm.dll+0x6762c5]
C  [ucrtbase.dll+0x29363]
C  [KERNEL32.DLL+0x126ad]
C  [ntdll.dll+0x5a9f8]

VM_Operation (0x00000087b58fe680): G1CollectForAllocation, mode: safepoint, requested by thread 0x00000218ed08dfa0


---------------  P R O C E S S  ---------------

Threads class SMR info:
_java_thread_list=0x00000218f7d1b320, length=12, elements={
0x00000218ed08dfa0, 0x00000218f717d320, 0x00000218f7180d60, 0x00000218f71864c0,
0x00000218f7189080, 0x00000218f7189a30, 0x00000218f7c0ad00, 0x00000218f7c0c180,
0x00000218f71c2f80, 0x00000218f71edfe0, 0x00000218f7d48760, 0x00000218f7d68bb0
}

Java Threads: ( => current thread )
  0x00000218ed08dfa0 JavaThread "main" [_thread_blocked, id=18880, stack(0x00000087b5800000,0x00000087b5900000)]
  0x00000218f717d320 JavaThread "Reference Handler" daemon [_thread_blocked, id=19424, stack(0x00000087b5f00000,0x00000087b6000000)]
  0x00000218f7180d60 JavaThread "Finalizer" daemon [_thread_blocked, id=17796, stack(0x00000087b6000000,0x00000087b6100000)]
  0x00000218f71864c0 JavaThread "Signal Dispatcher" daemon [_thread_blocked, id=12968, stack(0x00000087b6200000,0x00000087b6300000)]
  0x00000218f7189080 JavaThread "Attach Listener" daemon [_thread_blocked, id=9716, stack(0x00000087b6300000,0x00000087b6400000)]
  0x00000218f7189a30 JavaThread "Service Thread" daemon [_thread_blocked, id=16036, stack(0x00000087b6400000,0x00000087b6500000)]
  0x00000218f7c0ad00 JavaThread "Monitor Deflation Thread" daemon [_thread_blocked, id=4852, stack(0x00000087b6500000,0x00000087b6600000)]
  0x00000218f7c0c180 JavaThread "C2 CompilerThread0" daemon [_thread_blocked, id=8800, stack(0x00000087b6600000,0x00000087b6700000)]
  0x00000218f71c2f80 JavaThread "C1 CompilerThread0" daemon [_thread_blocked, id=12544, stack(0x00000087b6700000,0x00000087b6800000)]
  0x00000218f71edfe0 JavaThread "Sweeper thread" daemon [_thread_blocked, id=2688, stack(0x00000087b6800000,0x00000087b6900000)]
  0x00000218f7d48760 JavaThread "Notification Thread" daemon [_thread_blocked, id=8964, stack(0x00000087b6900000,0x00000087b6a00000)]
  0x00000218f7d68bb0 JavaThread "Common-Cleaner" daemon [_thread_blocked, id=19344, stack(0x00000087b6b00000,0x00000087b6c00000)]

Other Threads:
=>0x00000218f7179630 VMThread "VM Thread" [stack: 0x00000087b5e00000,0x00000087b5f00000] [id=6376]
  0x00000218f7d4f050 WatcherThread [stack: 0x00000087b6a00000,0x00000087b6b00000] [id=5964]
  0x00000218ef1eb8b0 GCTaskThread "GC Thread#0" [stack: 0x00000087b5900000,0x00000087b5a00000] [id=8072]
  0x00000218f83d2f80 GCTaskThread "GC Thread#1" [stack: 0x00000087b6c00000,0x00000087b6d00000] [id=18124]
  0x00000218f87c5830 GCTaskThread "GC Thread#2" [stack: 0x00000087b6d00000,0x00000087b6e00000] [id=16176]
  0x00000218f87c5ae0 GCTaskThread "GC Thread#3" [stack: 0x00000087b6e00000,0x00000087b6f00000] [id=16776]
  0x00000218ef1f4230 ConcurrentGCThread "G1 Main Marker" [stack: 0x00000087b5a00000,0x00000087b5b00000] [id=13652]
  0x00000218ef1f5540 ConcurrentGCThread "G1 Conc#0" [stack: 0x00000087b5b00000,0x00000087b5c00000] [id=7500]
  0x00000218ef232880 ConcurrentGCThread "G1 Refine#0" [stack: 0x00000087b5c00000,0x00000087b5d00000] [id=1080]
  0x00000218ef233ba0 ConcurrentGCThread "G1 Service" [stack: 0x00000087b5d00000,0x00000087b5e00000] [id=14184]

Threads with active compile tasks:
C2 CompilerThread0     5786 1473       4       com.wise.portfolio.data.PortfolioPriceHistory::addFundPrice (424 bytes)

VM state: at safepoint (normal execution)

VM Mutex/Monitor currently owned by a thread:  ([mutex/lock_event])
[0x00000218ed08b770] Threads_lock - owner thread: 0x00000218f7179630
[0x00000218ed08bad0] Heap_lock - owner thread: 0x00000218ed08dfa0

Heap address: 0x00000000c2e00000, size: 978 MB, Compressed Oops mode: 32-bit

CDS archive(s) not mapped
Compressed class space mapped at: 0x0000000100000000-0x0000000140000000, reserved size: 1073741824
Narrow klass base: 0x0000000000000000, Narrow klass shift: 3, Narrow klass range: 0x140000000

GC Precious Log:
 CPUs: 4 total, 4 available
 Memory: 3911M
 Large Page Support: Disabled
 NUMA Support: Disabled
 Compressed Oops: Enabled (32-bit)
 Heap Region Size: 1M
 Heap Min Capacity: 8M
 Heap Initial Capacity: 62M
 Heap Max Capacity: 978M
 Pre-touch: Disabled
 Parallel Workers: 4
 Concurrent Workers: 1
 Concurrent Refinement Workers: 4
 Periodic GC: Disabled

Heap:
 garbage-first heap   total 76800K, used 15980K [0x00000000c2e00000, 0x0000000100000000)
  region size 1024K, 4 young (4096K), 4 survivors (4096K)
 Metaspace       used 9817K, committed 10048K, reserved 1064960K
  class space    used 784K, committed 896K, reserved 1048576K

Heap Regions: E=young(eden), S=young(survivor), O=old, HS=humongous(starts), HC=humongous(continues), CS=collection set, F=free, OA=open archive, CA=closed archive, TAMS=top-at-mark-start (previous, next)
|   0|0x00000000c2e00000, 0x00000000c2f00000, 0x00000000c2f00000|100%|HS|  |TAMS 0x00000000c2e00000, 0x00000000c2e00000| Complete 
|   1|0x00000000c2f00000, 0x00000000c3000000, 0x00000000c3000000|100%|HS|  |TAMS 0x00000000c2f00000, 0x00000000c2f00000| Complete 
|   2|0x00000000c3000000, 0x00000000c3100000, 0x00000000c3100000|100%|HC|  |TAMS 0x00000000c3000000, 0x00000000c3000000| Complete 
|   3|0x00000000c3100000, 0x00000000c3200000, 0x00000000c3200000|100%| O|  |TAMS 0x00000000c3100000, 0x00000000c3100000| Untracked 
|   4|0x00000000c3200000, 0x00000000c3300000, 0x00000000c3300000|100%| O|  |TAMS 0x00000000c3200000, 0x00000000c3200000| Untracked 
|   5|0x00000000c3300000, 0x00000000c3400000, 0x00000000c3400000|100%| O|  |TAMS 0x00000000c3300000, 0x00000000c3300000| Untracked 
|   6|0x00000000c3400000, 0x00000000c3500000, 0x00000000c3500000|100%| O|  |TAMS 0x00000000c3400000, 0x00000000c3400000| Untracked 
|   7|0x00000000c3500000, 0x00000000c3600000, 0x00000000c3600000|100%| O|  |TAMS 0x00000000c3500000, 0x00000000c3500000| Untracked 
|   8|0x00000000c3600000, 0x00000000c3700000, 0x00000000c3700000|100%| O|  |TAMS 0x00000000c3600000, 0x00000000c3600000| Untracked 
|   9|0x00000000c3700000, 0x00000000c3800000, 0x00000000c3800000|100%| O|  |TAMS 0x00000000c3700000, 0x00000000c3700000| Untracked 
|  10|0x00000000c3800000, 0x00000000c3900000, 0x00000000c3900000|100%| O|  |TAMS 0x00000000c3800000, 0x00000000c3800000| Untracked 
|  11|0x00000000c3900000, 0x00000000c399b000, 0x00000000c3a00000| 60%| O|  |TAMS 0x00000000c3900000, 0x00000000c3900000| Untracked 
|  12|0x00000000c3a00000, 0x00000000c3a00000, 0x00000000c3b00000|  0%| F|  |TAMS 0x00000000c3a00000, 0x00000000c3a00000| Untracked 
|  13|0x00000000c3b00000, 0x00000000c3b00000, 0x00000000c3c00000|  0%| F|  |TAMS 0x00000000c3b00000, 0x00000000c3b00000| Untracked 
|  14|0x00000000c3c00000, 0x00000000c3c00000, 0x00000000c3d00000|  0%| F|  |TAMS 0x00000000c3c00000, 0x00000000c3c00000| Untracked 
|  15|0x00000000c3d00000, 0x00000000c3d00000, 0x00000000c3e00000|  0%| F|  |TAMS 0x00000000c3d00000, 0x00000000c3d00000| Untracked 
|  16|0x00000000c3e00000, 0x00000000c3e00000, 0x00000000c3f00000|  0%| F|  |TAMS 0x00000000c3e00000, 0x00000000c3e00000| Untracked 
|  17|0x00000000c3f00000, 0x00000000c3f00000, 0x00000000c4000000|  0%| F|  |TAMS 0x00000000c3f00000, 0x00000000c3f00000| Untracked 
|  18|0x00000000c4000000, 0x00000000c4000000, 0x00000000c4100000|  0%| F|  |TAMS 0x00000000c4000000, 0x00000000c4000000| Untracked 
|  19|0x00000000c4100000, 0x00000000c4100000, 0x00000000c4200000|  0%| F|  |TAMS 0x00000000c4100000, 0x00000000c4100000| Untracked 
|  20|0x00000000c4200000, 0x00000000c4200000, 0x00000000c4300000|  0%| F|  |TAMS 0x00000000c4200000, 0x00000000c4200000| Untracked 
|  21|0x00000000c4300000, 0x00000000c4300000, 0x00000000c4400000|  0%| F|  |TAMS 0x00000000c4300000, 0x00000000c4300000| Untracked 
|  22|0x00000000c4400000, 0x00000000c4400000, 0x00000000c4500000|  0%| F|  |TAMS 0x00000000c4400000, 0x00000000c4400000| Untracked 
|  23|0x00000000c4500000, 0x00000000c4500000, 0x00000000c4600000|  0%| F|  |TAMS 0x00000000c4500000, 0x00000000c4500000| Untracked 
|  24|0x00000000c4600000, 0x00000000c4600000, 0x00000000c4700000|  0%| F|  |TAMS 0x00000000c4600000, 0x00000000c4600000| Untracked 
|  25|0x00000000c4700000, 0x00000000c4700000, 0x00000000c4800000|  0%| F|  |TAMS 0x00000000c4700000, 0x00000000c4700000| Untracked 
|  26|0x00000000c4800000, 0x00000000c4800000, 0x00000000c4900000|  0%| F|  |TAMS 0x00000000c4800000, 0x00000000c4800000| Untracked 
|  27|0x00000000c4900000, 0x00000000c4a00000, 0x00000000c4a00000|100%| S|CS|TAMS 0x00000000c4900000, 0x00000000c4900000| Complete 
|  28|0x00000000c4a00000, 0x00000000c4b00000, 0x00000000c4b00000|100%| S|CS|TAMS 0x00000000c4a00000, 0x00000000c4a00000| Complete 
|  29|0x00000000c4b00000, 0x00000000c4b00000, 0x00000000c4c00000|  0%| F|  |TAMS 0x00000000c4b00000, 0x00000000c4b00000| Untracked 
|  30|0x00000000c4c00000, 0x00000000c4c00000, 0x00000000c4d00000|  0%| F|  |TAMS 0x00000000c4c00000, 0x00000000c4c00000| Untracked 
|  31|0x00000000c4d00000, 0x00000000c4d00000, 0x00000000c4e00000|  0%| F|  |TAMS 0x00000000c4d00000, 0x00000000c4d00000| Untracked 
|  32|0x00000000c4e00000, 0x00000000c4f00000, 0x00000000c4f00000|100%| S|CS|TAMS 0x00000000c4e00000, 0x00000000c4e00000| Complete 
|  33|0x00000000c4f00000, 0x00000000c5000000, 0x00000000c5000000|100%| S|CS|TAMS 0x00000000c4f00000, 0x00000000c4f00000| Complete 
|  34|0x00000000c5000000, 0x00000000c5000000, 0x00000000c5100000|  0%| F|  |TAMS 0x00000000c5000000, 0x00000000c5000000| Untracked 
|  35|0x00000000c5100000, 0x00000000c5100000, 0x00000000c5200000|  0%| F|  |TAMS 0x00000000c5100000, 0x00000000c5100000| Untracked 
|  36|0x00000000c5200000, 0x00000000c5200000, 0x00000000c5300000|  0%| F|  |TAMS 0x00000000c5200000, 0x00000000c5200000| Untracked 
|  37|0x00000000c5300000, 0x00000000c5300000, 0x00000000c5400000|  0%| F|  |TAMS 0x00000000c5300000, 0x00000000c5300000| Untracked 
|  38|0x00000000c5400000, 0x00000000c5400000, 0x00000000c5500000|  0%| F|  |TAMS 0x00000000c5400000, 0x00000000c5400000| Untracked 
|  39|0x00000000c5500000, 0x00000000c5500000, 0x00000000c5600000|  0%| F|  |TAMS 0x00000000c5500000, 0x00000000c5500000| Untracked 
|  40|0x00000000c5600000, 0x00000000c5600000, 0x00000000c5700000|  0%| F|  |TAMS 0x00000000c5600000, 0x00000000c5600000| Untracked 
|  41|0x00000000c5700000, 0x00000000c5700000, 0x00000000c5800000|  0%| F|  |TAMS 0x00000000c5700000, 0x00000000c5700000| Untracked 
|  42|0x00000000c5800000, 0x00000000c5800000, 0x00000000c5900000|  0%| F|  |TAMS 0x00000000c5800000, 0x00000000c5800000| Untracked 
|  43|0x00000000c5900000, 0x00000000c5900000, 0x00000000c5a00000|  0%| F|  |TAMS 0x00000000c5900000, 0x00000000c5900000| Untracked 
|  44|0x00000000c5a00000, 0x00000000c5a00000, 0x00000000c5b00000|  0%| F|  |TAMS 0x00000000c5a00000, 0x00000000c5a00000| Untracked 
|  45|0x00000000c5b00000, 0x00000000c5b00000, 0x00000000c5c00000|  0%| F|  |TAMS 0x00000000c5b00000, 0x00000000c5b00000| Untracked 
|  46|0x00000000c5c00000, 0x00000000c5c00000, 0x00000000c5d00000|  0%| F|  |TAMS 0x00000000c5c00000, 0x00000000c5c00000| Untracked 
|  47|0x00000000c5d00000, 0x00000000c5d00000, 0x00000000c5e00000|  0%| F|  |TAMS 0x00000000c5d00000, 0x00000000c5d00000| Untracked 
|  48|0x00000000c5e00000, 0x00000000c5e00000, 0x00000000c5f00000|  0%| F|  |TAMS 0x00000000c5e00000, 0x00000000c5e00000| Untracked 
|  49|0x00000000c5f00000, 0x00000000c5f00000, 0x00000000c6000000|  0%| F|  |TAMS 0x00000000c5f00000, 0x00000000c5f00000| Untracked 
|  50|0x00000000c6000000, 0x00000000c6000000, 0x00000000c6100000|  0%| F|  |TAMS 0x00000000c6000000, 0x00000000c6000000| Untracked 
|  51|0x00000000c6100000, 0x00000000c6100000, 0x00000000c6200000|  0%| F|  |TAMS 0x00000000c6100000, 0x00000000c6100000| Untracked 
|  52|0x00000000c6200000, 0x00000000c6200000, 0x00000000c6300000|  0%| F|  |TAMS 0x00000000c6200000, 0x00000000c6200000| Untracked 
|  53|0x00000000c6300000, 0x00000000c6300000, 0x00000000c6400000|  0%| F|  |TAMS 0x00000000c6300000, 0x00000000c6300000| Untracked 
|  54|0x00000000c6400000, 0x00000000c6400000, 0x00000000c6500000|  0%| F|  |TAMS 0x00000000c6400000, 0x00000000c6400000| Untracked 
|  55|0x00000000c6500000, 0x00000000c6500000, 0x00000000c6600000|  0%| F|  |TAMS 0x00000000c6500000, 0x00000000c6500000| Untracked 
|  56|0x00000000c6600000, 0x00000000c6600000, 0x00000000c6700000|  0%| F|  |TAMS 0x00000000c6600000, 0x00000000c6600000| Untracked 
|  57|0x00000000c6700000, 0x00000000c6700000, 0x00000000c6800000|  0%| F|  |TAMS 0x00000000c6700000, 0x00000000c6700000| Untracked 
|  58|0x00000000c6800000, 0x00000000c6800000, 0x00000000c6900000|  0%| F|  |TAMS 0x00000000c6800000, 0x00000000c6800000| Untracked 
|  59|0x00000000c6900000, 0x00000000c6900000, 0x00000000c6a00000|  0%| F|  |TAMS 0x00000000c6900000, 0x00000000c6900000| Untracked 
|  60|0x00000000c6a00000, 0x00000000c6a00000, 0x00000000c6b00000|  0%| F|  |TAMS 0x00000000c6a00000, 0x00000000c6a00000| Untracked 
|  61|0x00000000c6b00000, 0x00000000c6b00000, 0x00000000c6c00000|  0%| F|  |TAMS 0x00000000c6b00000, 0x00000000c6b00000| Untracked 
|  62|0x00000000c6c00000, 0x00000000c6c00000, 0x00000000c6d00000|  0%| F|  |TAMS 0x00000000c6c00000, 0x00000000c6c00000| Untracked 
|  63|0x00000000c6d00000, 0x00000000c6d00000, 0x00000000c6e00000|  0%| F|  |TAMS 0x00000000c6d00000, 0x00000000c6d00000| Untracked 
|  64|0x00000000c6e00000, 0x00000000c6e00000, 0x00000000c6f00000|  0%| F|  |TAMS 0x00000000c6e00000, 0x00000000c6e00000| Untracked 
|  65|0x00000000c6f00000, 0x00000000c6f00000, 0x00000000c7000000|  0%| F|  |TAMS 0x00000000c6f00000, 0x00000000c6f00000| Untracked 
|  66|0x00000000c7000000, 0x00000000c7000000, 0x00000000c7100000|  0%| F|  |TAMS 0x00000000c7000000, 0x00000000c7000000| Untracked 
|  67|0x00000000c7100000, 0x00000000c7100000, 0x00000000c7200000|  0%| F|  |TAMS 0x00000000c7100000, 0x00000000c7100000| Untracked 
|  68|0x00000000c7200000, 0x00000000c7200000, 0x00000000c7300000|  0%| F|  |TAMS 0x00000000c7200000, 0x00000000c7200000| Untracked 
|  69|0x00000000c7300000, 0x00000000c7300000, 0x00000000c7400000|  0%| F|  |TAMS 0x00000000c7300000, 0x00000000c7300000| Untracked 
|  70|0x00000000c7400000, 0x00000000c7400000, 0x00000000c7500000|  0%| F|  |TAMS 0x00000000c7400000, 0x00000000c7400000| Untracked 
|  71|0x00000000c7500000, 0x00000000c7500000, 0x00000000c7600000|  0%| F|  |TAMS 0x00000000c7500000, 0x00000000c7500000| Untracked 
|  72|0x00000000c7600000, 0x00000000c7600000, 0x00000000c7700000|  0%| F|  |TAMS 0x00000000c7600000, 0x00000000c7600000| Untracked 
|  73|0x00000000c7700000, 0x00000000c7700000, 0x00000000c7800000|  0%| F|  |TAMS 0x00000000c7700000, 0x00000000c7700000| Untracked 
|  74|0x00000000c7800000, 0x00000000c7800000, 0x00000000c7900000|  0%| F|  |TAMS 0x00000000c7800000, 0x00000000c7800000| Untracked 

Card table byte_map: [0x00000218f2a40000,0x00000218f2c30000] _byte_map_base: 0x00000218f2429000

Marking Bits (Prev, Next): (CMBitMap*) 0x00000218ef1ebec0, (CMBitMap*) 0x00000218ef1ebf00
 Prev Bits: [0x00000218f2e20000, 0x00000218f3d68000)
 Next Bits: [0x00000218f3d70000, 0x00000218f4cb8000)

Polling page: 0x00000218ee960000

Metaspace:

Usage:
  Non-class:      8.82 MB used.
      Class:    784.55 KB used.
       Both:      9.59 MB used.

Virtual space:
  Non-class space:       16.00 MB reserved,       8.94 MB ( 56%) committed,  2 nodes.
      Class space:        1.00 GB reserved,     896.00 KB ( <1%) committed,  1 nodes.
             Both:        1.02 GB reserved,       9.81 MB ( <1%) committed. 

Chunk freelists:
   Non-Class:  2.92 MB
       Class:  3.10 MB
        Both:  6.02 MB

MaxMetaspaceSize: unlimited
CompressedClassSpaceSize: 1.00 GB
Initial GC threshold: 21.00 MB
Current GC threshold: 21.00 MB
CDS: off
MetaspaceReclaimPolicy: balanced
 - commit_granule_bytes: 65536.
 - commit_granule_words: 8192.
 - virtual_space_node_default_size: 1048576.
 - enlarge_chunks_in_place: 1.
 - new_chunks_are_fully_committed: 0.
 - uncommit_free_chunks: 1.
 - use_allocation_guard: 0.
 - handle_deallocations: 1.


Internal statistics:

num_allocs_failed_limit: 0.
num_arena_births: 50.
num_arena_deaths: 0.
num_vsnodes_births: 3.
num_vsnodes_deaths: 0.
num_space_committed: 157.
num_space_uncommitted: 0.
num_chunks_returned_to_freelist: 0.
num_chunks_taken_from_freelist: 103.
num_chunk_merges: 0.
num_chunk_splits: 59.
num_chunks_enlarged: 39.
num_purges: 0.
num_inconsistent_stats: 0.

CodeHeap 'non-profiled nmethods': size=120000Kb used=694Kb max_used=694Kb free=119306Kb
 bounds [0x0000021887ad0000, 0x0000021887d40000, 0x000002188f000000]
CodeHeap 'profiled nmethods': size=120000Kb used=2832Kb max_used=2832Kb free=117167Kb
 bounds [0x0000021880000000, 0x00000218802d0000, 0x0000021887530000]
CodeHeap 'non-nmethods': size=5760Kb used=1143Kb max_used=1165Kb free=4616Kb
 bounds [0x0000021887530000, 0x00000218877a0000, 0x0000021887ad0000]
 total_blobs=1904 nmethods=1471 adapters=347
 compilation: enabled
              stopped_count=0, restarted_count=0
 full_count=0

Compilation events (20 events):
Event: 5.098 Thread 0x00000218f71c2f80 1474       3       java.math.BigDecimal::precision (45 bytes)
Event: 5.099 Thread 0x00000218f71c2f80 nmethod 1474 0x00000218802b7890 code [0x00000218802b7a40, 0x00000218802b7c58]
Event: 5.519 Thread 0x00000218f71c2f80 1477       3       java.time.format.DateTimeFormatterBuilder::parseField (919 bytes)
Event: 5.525 Thread 0x00000218f71c2f80 nmethod 1477 0x00000218802b7d10 code [0x00000218802b8540, 0x00000218802bbf18]
Event: 5.525 Thread 0x00000218f71c2f80 1479       3       java.time.format.DateTimeFormatterBuilder$CompositePrinterParser::parse (135 bytes)
Event: 5.528 Thread 0x00000218f71c2f80 nmethod 1479 0x00000218802bcd90 code [0x00000218802bd040, 0x00000218802bdee8]
Event: 5.528 Thread 0x00000218f71c2f80 1483   !   3       java.time.format.DateTimeFormatter::parse (38 bytes)
Event: 5.529 Thread 0x00000218f71c2f80 nmethod 1483 0x00000218802be510 code [0x00000218802be720, 0x00000218802becc8]
Event: 5.529 Thread 0x00000218f71c2f80 1478       3       java.time.format.DateTimeFormatterBuilder$CharLiteralPrinterParser::parse (81 bytes)
Event: 5.530 Thread 0x00000218f71c2f80 nmethod 1478 0x00000218802bef90 code [0x00000218802bf220, 0x00000218802bfd98]
Event: 5.530 Thread 0x00000218f71c2f80 1480       3       java.time.format.DateTimeFormatter::parseResolved0 (226 bytes)
Event: 5.534 Thread 0x00000218f71c2f80 nmethod 1480 0x00000218802c0190 code [0x00000218802c05c0, 0x00000218802c2058]
Event: 5.534 Thread 0x00000218f71c2f80 1481       3       java.time.format.DateTimeFormatter::parseUnresolved0 (65 bytes)
Event: 5.535 Thread 0x00000218f71c2f80 nmethod 1481 0x00000218802c2910 code [0x00000218802c2b20, 0x00000218802c30b8]
Event: 5.540 Thread 0x00000218f71c2f80 1485       2       java.time.LocalTime::truncatedTo (80 bytes)
Event: 5.541 Thread 0x00000218f71c2f80 nmethod 1485 0x00000218802c3310 code [0x00000218802c3520, 0x00000218802c3838]
Event: 5.541 Thread 0x00000218f71c2f80 1486       2       java.time.Duration::toNanos (47 bytes)
Event: 5.541 Thread 0x00000218f71c2f80 nmethod 1486 0x00000218802c3a10 code [0x00000218802c3bc0, 0x00000218802c3d58]
Event: 5.541 Thread 0x00000218f71c2f80 1487       2       java.time.LocalDateTime::minusHours (14 bytes)
Event: 5.542 Thread 0x00000218f71c2f80 nmethod 1487 0x00000218802c3e10 code [0x00000218802c3fa0, 0x00000218802c40e8]

GC Heap History (19 events):
Event: 1.605 GC heap before
{Heap before GC invocations=0 (full 0):
 garbage-first heap   total 63488K, used 15360K [0x00000000c2e00000, 0x0000000100000000)
  region size 1024K, 13 young (13312K), 0 survivors (0K)
 Metaspace       used 8875K, committed 9024K, reserved 1056768K
  class space    used 735K, committed 832K, reserved 1048576K
}
Event: 1.623 GC heap after
{Heap after GC invocations=1 (full 0):
 garbage-first heap   total 63488K, used 11704K [0x00000000c2e00000, 0x0000000100000000)
  region size 1024K, 2 young (2048K), 2 survivors (2048K)
 Metaspace       used 8875K, committed 9024K, reserved 1056768K
  class space    used 735K, committed 832K, reserved 1048576K
}
Event: 2.084 GC heap before
{Heap before GC invocations=1 (full 0):
 garbage-first heap   total 63488K, used 20920K [0x00000000c2e00000, 0x0000000100000000)
  region size 1024K, 11 young (11264K), 2 survivors (2048K)
 Metaspace       used 9567K, committed 9728K, reserved 1064960K
  class space    used 782K, committed 896K, reserved 1048576K
}
Event: 2.091 GC heap after
{Heap after GC invocations=2 (full 0):
 garbage-first heap   total 63488K, used 12078K [0x00000000c2e00000, 0x0000000100000000)
  region size 1024K, 1 young (1024K), 1 survivors (1024K)
 Metaspace       used 9567K, committed 9728K, reserved 1064960K
  class space    used 782K, committed 896K, reserved 1048576K
}
Event: 2.515 GC heap before
{Heap before GC invocations=2 (full 0):
 garbage-first heap   total 63488K, used 27438K [0x00000000c2e00000, 0x0000000100000000)
  region size 1024K, 16 young (16384K), 1 survivors (1024K)
 Metaspace       used 9643K, committed 9792K, reserved 1064960K
  class space    used 782K, committed 896K, reserved 1048576K
}
Event: 2.519 GC heap after
{Heap after GC invocations=3 (full 0):
 garbage-first heap   total 63488K, used 12269K [0x00000000c2e00000, 0x0000000100000000)
  region size 1024K, 1 young (1024K), 1 survivors (1024K)
 Metaspace       used 9643K, committed 9792K, reserved 1064960K
  class space    used 782K, committed 896K, reserved 1048576K
}
Event: 2.982 GC heap before
{Heap before GC invocations=3 (full 0):
 garbage-first heap   total 63488K, used 39917K [0x00000000c2e00000, 0x0000000100000000)
  region size 1024K, 28 young (28672K), 1 survivors (1024K)
 Metaspace       used 9737K, committed 9984K, reserved 1064960K
  class space    used 783K, committed 896K, reserved 1048576K
}
Event: 2.987 GC heap after
{Heap after GC invocations=4 (full 0):
 garbage-first heap   total 63488K, used 12637K [0x00000000c2e00000, 0x0000000100000000)
  region size 1024K, 1 young (1024K), 1 survivors (1024K)
 Metaspace       used 9737K, committed 9984K, reserved 1064960K
  class space    used 783K, committed 896K, reserved 1048576K
}
Event: 3.438 GC heap before
{Heap before GC invocations=4 (full 0):
 garbage-first heap   total 63488K, used 43357K [0x00000000c2e00000, 0x0000000100000000)
  region size 1024K, 31 young (31744K), 1 survivors (1024K)
 Metaspace       used 9793K, committed 9984K, reserved 1064960K
  class space    used 783K, committed 896K, reserved 1048576K
}
Event: 3.445 GC heap after
{Heap after GC invocations=5 (full 0):
 garbage-first heap   total 63488K, used 13090K [0x00000000c2e00000, 0x0000000100000000)
  region size 1024K, 2 young (2048K), 2 survivors (2048K)
 Metaspace       used 9793K, committed 9984K, reserved 1064960K
  class space    used 783K, committed 896K, reserved 1048576K
}
Event: 3.804 GC heap before
{Heap before GC invocations=5 (full 0):
 garbage-first heap   total 63488K, used 44834K [0x00000000c2e00000, 0x0000000100000000)
  region size 1024K, 33 young (33792K), 2 survivors (2048K)
 Metaspace       used 9796K, committed 9984K, reserved 1064960K
  class space    used 783K, committed 896K, reserved 1048576K
}
Event: 3.812 GC heap after
{Heap after GC invocations=6 (full 0):
 garbage-first heap   total 76800K, used 13650K [0x00000000c2e00000, 0x0000000100000000)
  region size 1024K, 2 young (2048K), 2 survivors (2048K)
 Metaspace       used 9796K, committed 9984K, reserved 1064960K
  class space    used 783K, committed 896K, reserved 1048576K
}
Event: 4.206 GC heap before
{Heap before GC invocations=6 (full 0):
 garbage-first heap   total 76800K, used 57682K [0x00000000c2e00000, 0x0000000100000000)
  region size 1024K, 45 young (46080K), 2 survivors (2048K)
 Metaspace       used 9811K, committed 10048K, reserved 1064960K
  class space    used 783K, committed 896K, reserved 1048576K
}
Event: 4.214 GC heap after
{Heap after GC invocations=7 (full 0):
 garbage-first heap   total 76800K, used 14021K [0x00000000c2e00000, 0x0000000100000000)
  region size 1024K, 3 young (3072K), 3 survivors (3072K)
 Metaspace       used 9811K, committed 10048K, reserved 1064960K
  class space    used 783K, committed 896K, reserved 1048576K
}
Event: 4.645 GC heap before
{Heap before GC invocations=7 (full 0):
 garbage-first heap   total 76800K, used 57029K [0x00000000c2e00000, 0x0000000100000000)
  region size 1024K, 45 young (46080K), 3 survivors (3072K)
 Metaspace       used 9812K, committed 10048K, reserved 1064960K
  class space    used 783K, committed 896K, reserved 1048576K
}
Event: 4.656 GC heap after
{Heap after GC invocations=8 (full 0):
 garbage-first heap   total 76800K, used 14507K [0x00000000c2e00000, 0x0000000100000000)
  region size 1024K, 3 young (3072K), 3 survivors (3072K)
 Metaspace       used 9812K, committed 10048K, reserved 1064960K
  class space    used 783K, committed 896K, reserved 1048576K
}
Event: 5.138 GC heap before
{Heap before GC invocations=8 (full 0):
 garbage-first heap   total 76800K, used 57515K [0x00000000c2e00000, 0x0000000100000000)
  region size 1024K, 45 young (46080K), 3 survivors (3072K)
 Metaspace       used 9812K, committed 10048K, reserved 1064960K
  class space    used 783K, committed 896K, reserved 1048576K
}
Event: 5.150 GC heap after
{Heap after GC invocations=9 (full 0):
 garbage-first heap   total 76800K, used 14966K [0x00000000c2e00000, 0x0000000100000000)
  region size 1024K, 4 young (4096K), 4 survivors (4096K)
 Metaspace       used 9812K, committed 10048K, reserved 1064960K
  class space    used 783K, committed 896K, reserved 1048576K
}
Event: 5.653 GC heap before
{Heap before GC invocations=9 (full 0):
 garbage-first heap   total 76800K, used 56950K [0x00000000c2e00000, 0x0000000100000000)
  region size 1024K, 45 young (46080K), 4 survivors (4096K)
 Metaspace       used 9817K, committed 10048K, reserved 1064960K
  class space    used 784K, committed 896K, reserved 1048576K
}

Dll operation events (6 events):
Event: 0.048 Loaded shared library C:\Users\mavin\.p2\pool\plugins\org.eclipse.justj.openjdk.hotspot.jre.full.win32.x86_64_17.0.6.v20230204-1729\jre\bin\java.dll
Event: 0.775 Loaded shared library C:\Users\mavin\.p2\pool\plugins\org.eclipse.justj.openjdk.hotspot.jre.full.win32.x86_64_17.0.6.v20230204-1729\jre\bin\net.dll
Event: 0.779 Loaded shared library C:\Users\mavin\.p2\pool\plugins\org.eclipse.justj.openjdk.hotspot.jre.full.win32.x86_64_17.0.6.v20230204-1729\jre\bin\nio.dll
Event: 0.794 Loaded shared library C:\Users\mavin\.p2\pool\plugins\org.eclipse.justj.openjdk.hotspot.jre.full.win32.x86_64_17.0.6.v20230204-1729\jre\bin\zip.dll
Event: 1.029 Loaded shared library C:\Users\mavin\.p2\pool\plugins\org.eclipse.justj.openjdk.hotspot.jre.full.win32.x86_64_17.0.6.v20230204-1729\jre\bin\jimage.dll
Event: 1.042 Loaded shared library C:\Users\mavin\.p2\pool\plugins\org.eclipse.justj.openjdk.hotspot.jre.full.win32.x86_64_17.0.6.v20230204-1729\jre\bin\awt.dll

Deoptimization events (20 events):
Event: 5.518 Thread 0x00000218ed08dfa0 DEOPT PACKING pc=0x0000021887b5a72c sp=0x00000087b58fed40
Event: 5.518 Thread 0x00000218ed08dfa0 DEOPT UNPACKING pc=0x000002188758699d sp=0x00000087b58fece0 mode 2
Event: 5.518 Thread 0x00000218ed08dfa0 Uncommon trap: trap_request=0xffffff45 fr.pc=0x0000021887b373d0 relative=0x00000000000015d0
Event: 5.518 Thread 0x00000218ed08dfa0 Uncommon trap: reason=unstable_if action=reinterpret pc=0x0000021887b373d0 method=java.time.format.DateTimeFormatterBuilder.parseField(CILjava/time/temporal/TemporalField;)V @ 346 c2
Event: 5.518 Thread 0x00000218ed08dfa0 DEOPT PACKING pc=0x0000021887b373d0 sp=0x00000087b58fec40
Event: 5.518 Thread 0x00000218ed08dfa0 DEOPT UNPACKING pc=0x000002188758699d sp=0x00000087b58fec28 mode 2
Event: 5.518 Thread 0x00000218ed08dfa0 Uncommon trap: trap_request=0xffffff45 fr.pc=0x0000021887b75860 relative=0x0000000000000dc0
Event: 5.518 Thread 0x00000218ed08dfa0 Uncommon trap: reason=unstable_if action=reinterpret pc=0x0000021887b75860 method=java.time.format.DateTimeFormatterBuilder$CharLiteralPrinterParser.parse(Ljava/time/format/DateTimeParseContext;Ljava/lang/CharSequence;I)I @ 33 c2
Event: 5.518 Thread 0x00000218ed08dfa0 DEOPT PACKING pc=0x0000021887b75860 sp=0x00000087b58febc0
Event: 5.518 Thread 0x00000218ed08dfa0 DEOPT UNPACKING pc=0x000002188758699d sp=0x00000087b58feaa0 mode 2
Event: 5.518 Thread 0x00000218ed08dfa0 Uncommon trap: trap_request=0xffffff45 fr.pc=0x0000021887b3ea00 relative=0x0000000000000240
Event: 5.518 Thread 0x00000218ed08dfa0 Uncommon trap: reason=unstable_if action=reinterpret pc=0x0000021887b3ea00 method=java.time.format.DateTimeFormatterBuilder$CharLiteralPrinterParser.parse(Ljava/time/format/DateTimeParseContext;Ljava/lang/CharSequence;I)I @ 33 c2
Event: 5.518 Thread 0x00000218ed08dfa0 DEOPT PACKING pc=0x0000021887b3ea00 sp=0x00000087b58feb80
Event: 5.518 Thread 0x00000218ed08dfa0 DEOPT UNPACKING pc=0x000002188758699d sp=0x00000087b58fea98 mode 2
Event: 5.519 Thread 0x00000218ed08dfa0 Uncommon trap: trap_request=0xffffff45 fr.pc=0x0000021887b4291c relative=0x00000000000000fc
Event: 5.519 Thread 0x00000218ed08dfa0 Uncommon trap: reason=unstable_if action=reinterpret pc=0x0000021887b4291c method=java.time.format.DateTimeFormatterBuilder$CharLiteralPrinterParser.parse(Ljava/time/format/DateTimeParseContext;Ljava/lang/CharSequence;I)I @ 33 c2
Event: 5.519 Thread 0x00000218ed08dfa0 DEOPT PACKING pc=0x0000021887b4291c sp=0x00000087b58feb00
Event: 5.519 Thread 0x00000218ed08dfa0 DEOPT UNPACKING pc=0x000002188758699d sp=0x00000087b58fea98 mode 2
Event: 5.525 Thread 0x00000218ed08dfa0 DEOPT PACKING pc=0x000002188023cc59 sp=0x00000087b58feb00
Event: 5.525 Thread 0x00000218ed08dfa0 DEOPT UNPACKING pc=0x0000021887587124 sp=0x00000087b58fdfb8 mode 0

Classes unloaded (0 events):
No events

Classes redefined (0 events):
No events

Internal exceptions (6 events):
Event: 1.004 Thread 0x00000218ed08dfa0 Exception <a 'java/lang/ClassNotFoundException'{0x00000000c670cde8}: sun/awt/resources/spi/awtProvider> (0x00000000c670cde8) 
thrown [s\src\hotspot\share\classfile\systemDictionary.cpp, line 256]
Event: 1.080 Thread 0x00000218ed08dfa0 Exception <a 'java/io/FileNotFoundException'{0x00000000c6762d20}> (0x00000000c6762d20) 
thrown [s\src\hotspot\share\prims\jni.cpp, line 516]
Event: 1.102 Thread 0x00000218ed08dfa0 Exception <a 'java/io/FileNotFoundException'{0x00000000c67d2928}> (0x00000000c67d2928) 
thrown [s\src\hotspot\share\prims\jni.cpp, line 516]
Event: 1.521 Thread 0x00000218ed08dfa0 Exception <a 'java/lang/NoSuchMethodError'{0x00000000c5fcb430}: 'java.lang.Object java.lang.invoke.DirectMethodHandle$Holder.invokeStatic(java.lang.Object, int, java.lang.Object)'> (0x00000000c5fcb430) 
thrown [s\src\hotspot\share\interpreter\linkResolver.cpp, line 759]
Event: 1.596 Thread 0x00000218ed08dfa0 Exception <a 'java/lang/NoSuchMethodError'{0x00000000c5ff9458}: 'void java.lang.invoke.DirectMethodHandle$Holder.invokeStatic(java.lang.Object, java.lang.Object)'> (0x00000000c5ff9458) 
thrown [s\src\hotspot\share\interpreter\linkResolver.cpp, line 759]
Event: 1.754 Thread 0x00000218ed08dfa0 Exception <a 'java/lang/NoSuchMethodError'{0x00000000c6bffb18}: 'void java.lang.invoke.DirectMethodHandle$Holder.invokeInterface(java.lang.Object, java.lang.Object, java.lang.Object)'> (0x00000000c6bffb18) 
thrown [s\src\hotspot\share\interpreter\linkResolver.cpp, line 759]

VM Operations (20 events):
Event: 1.080 Executing VM operation: HandshakeAllThreads done
Event: 1.605 Executing VM operation: G1CollectForAllocation
Event: 1.623 Executing VM operation: G1CollectForAllocation done
Event: 2.084 Executing VM operation: G1CollectForAllocation
Event: 2.092 Executing VM operation: G1CollectForAllocation done
Event: 2.515 Executing VM operation: G1CollectForAllocation
Event: 2.519 Executing VM operation: G1CollectForAllocation done
Event: 2.982 Executing VM operation: G1CollectForAllocation
Event: 2.988 Executing VM operation: G1CollectForAllocation done
Event: 3.438 Executing VM operation: G1CollectForAllocation
Event: 3.445 Executing VM operation: G1CollectForAllocation done
Event: 3.804 Executing VM operation: G1CollectForAllocation
Event: 3.812 Executing VM operation: G1CollectForAllocation done
Event: 4.206 Executing VM operation: G1CollectForAllocation
Event: 4.214 Executing VM operation: G1CollectForAllocation done
Event: 4.645 Executing VM operation: G1CollectForAllocation
Event: 4.656 Executing VM operation: G1CollectForAllocation done
Event: 5.138 Executing VM operation: G1CollectForAllocation
Event: 5.150 Executing VM operation: G1CollectForAllocation done
Event: 5.653 Executing VM operation: G1CollectForAllocation

Events (20 events):
Event: 1.806 loading class java/time/temporal/TemporalQueries$4
Event: 1.806 loading class java/time/temporal/TemporalQueries$4 done
Event: 1.806 loading class java/time/temporal/TemporalQueries$5
Event: 1.806 loading class java/time/temporal/TemporalQueries$5 done
Event: 1.806 loading class java/time/temporal/TemporalQueries$6
Event: 1.806 loading class java/time/temporal/TemporalQueries$6 done
Event: 1.806 loading class java/time/temporal/TemporalQueries$7
Event: 1.806 loading class java/time/temporal/TemporalQueries$7 done
Event: 1.813 loading class java/util/TreeMap$Values
Event: 1.813 loading class java/util/TreeMap$Values done
Event: 1.813 loading class java/util/TreeMap$ValueIterator
Event: 1.814 loading class java/util/TreeMap$ValueIterator done
Event: 2.791 loading class java/time/Year
Event: 2.793 loading class java/time/Year done
Event: 2.793 loading class java/time/Month$1
Event: 2.793 loading class java/time/Month$1 done
Event: 5.517 loading class java/time/format/DateTimeParseException
Event: 5.517 loading class java/time/DateTimeException
Event: 5.517 loading class java/time/DateTimeException done
Event: 5.517 loading class java/time/format/DateTimeParseException done


Dynamic libraries:
0x00007ff7f80a0000 - 0x00007ff7f80ae000 	C:\Users\mavin\.p2\pool\plugins\org.eclipse.justj.openjdk.hotspot.jre.full.win32.x86_64_17.0.6.v20230204-1729\jre\bin\javaw.exe
0x00007ff8bf410000 - 0x00007ff8bf624000 	C:\windows\SYSTEM32\ntdll.dll
0x00007ff8be500000 - 0x00007ff8be5c2000 	C:\windows\System32\KERNEL32.DLL
0x00007ff8bce40000 - 0x00007ff8bd1e3000 	C:\windows\System32\KERNELBASE.dll
0x00007ff8bcc30000 - 0x00007ff8bcd41000 	C:\windows\System32\ucrtbase.dll
0x00007ff8a0bc0000 - 0x00007ff8a0bd7000 	C:\Users\mavin\.p2\pool\plugins\org.eclipse.justj.openjdk.hotspot.jre.full.win32.x86_64_17.0.6.v20230204-1729\jre\bin\jli.dll
0x00007ff8bf040000 - 0x00007ff8bf1eb000 	C:\windows\System32\USER32.dll
0x00007ff8bce10000 - 0x00007ff8bce36000 	C:\windows\System32\win32u.dll
0x00007ff8bef60000 - 0x00007ff8bef89000 	C:\windows\System32\GDI32.dll
0x00007ff8bcaa0000 - 0x00007ff8bcbb9000 	C:\windows\System32\gdi32full.dll
0x00007ff8bc980000 - 0x00007ff8bca1a000 	C:\windows\System32\msvcp_win.dll
0x00007ff89f200000 - 0x00007ff89f219000 	C:\Users\mavin\.p2\pool\plugins\org.eclipse.justj.openjdk.hotspot.jre.full.win32.x86_64_17.0.6.v20230204-1729\jre\bin\VCRUNTIME140.dll
0x00007ff8a3c60000 - 0x00007ff8a3eee000 	C:\windows\WinSxS\amd64_microsoft.windows.common-controls_6595b64144ccf1df_6.0.22621.1635_none_270f70857386168e\COMCTL32.dll
0x00007ff8be440000 - 0x00007ff8be4e7000 	C:\windows\System32\msvcrt.dll
0x00007ff8bd1f0000 - 0x00007ff8bd221000 	C:\windows\System32\IMM32.DLL
0x00007ff8a8340000 - 0x00007ff8a834c000 	C:\Users\mavin\.p2\pool\plugins\org.eclipse.justj.openjdk.hotspot.jre.full.win32.x86_64_17.0.6.v20230204-1729\jre\bin\vcruntime140_1.dll
0x00007ff880e60000 - 0x00007ff880ef1000 	C:\Users\mavin\.p2\pool\plugins\org.eclipse.justj.openjdk.hotspot.jre.full.win32.x86_64_17.0.6.v20230204-1729\jre\bin\msvcp140.dll
0x00007ff86ad60000 - 0x00007ff86b9a7000 	C:\Users\mavin\.p2\pool\plugins\org.eclipse.justj.openjdk.hotspot.jre.full.win32.x86_64_17.0.6.v20230204-1729\jre\bin\server\jvm.dll
0x00007ff8bf2c0000 - 0x00007ff8bf36e000 	C:\windows\System32\ADVAPI32.dll
0x00007ff8bd230000 - 0x00007ff8bd2d4000 	C:\windows\System32\sechost.dll
0x00007ff8be850000 - 0x00007ff8be967000 	C:\windows\System32\RPCRT4.dll
0x00007ff853f10000 - 0x00007ff853f19000 	C:\windows\SYSTEM32\WSOCK32.dll
0x00007ff8bf240000 - 0x00007ff8bf2b1000 	C:\windows\System32\WS2_32.dll
0x00007ff8b4fa0000 - 0x00007ff8b4fd4000 	C:\windows\SYSTEM32\WINMM.dll
0x00007ff8b3c60000 - 0x00007ff8b3c6a000 	C:\windows\SYSTEM32\VERSION.dll
0x00007ff8bb860000 - 0x00007ff8bb878000 	C:\windows\SYSTEM32\kernel.appcore.dll
0x00007ff8a0bb0000 - 0x00007ff8a0bba000 	C:\Users\mavin\.p2\pool\plugins\org.eclipse.justj.openjdk.hotspot.jre.full.win32.x86_64_17.0.6.v20230204-1729\jre\bin\jimage.dll
0x00007ff8ba240000 - 0x00007ff8ba46e000 	C:\windows\SYSTEM32\DBGHELP.DLL
0x00007ff8bd2e0000 - 0x00007ff8bd669000 	C:\windows\System32\combase.dll
0x00007ff8be5d0000 - 0x00007ff8be6a7000 	C:\windows\System32\OLEAUT32.dll
0x00007ff89c320000 - 0x00007ff89c352000 	C:\windows\SYSTEM32\dbgcore.DLL
0x00007ff8bca20000 - 0x00007ff8bca9b000 	C:\windows\System32\bcryptPrimitives.dll
0x00007ff89c360000 - 0x00007ff89c385000 	C:\Users\mavin\.p2\pool\plugins\org.eclipse.justj.openjdk.hotspot.jre.full.win32.x86_64_17.0.6.v20230204-1729\jre\bin\java.dll
0x00007ff89ed80000 - 0x00007ff89ed98000 	C:\Users\mavin\.p2\pool\plugins\org.eclipse.justj.openjdk.hotspot.jre.full.win32.x86_64_17.0.6.v20230204-1729\jre\bin\zip.dll
0x00007ff8bd730000 - 0x00007ff8bdf2a000 	C:\windows\System32\SHELL32.dll
0x00007ff8ba810000 - 0x00007ff8bb0de000 	C:\windows\SYSTEM32\windows.storage.dll
0x00007ff8ba6d0000 - 0x00007ff8ba80e000 	C:\windows\SYSTEM32\wintypes.dll
0x00007ff8be970000 - 0x00007ff8bea61000 	C:\windows\System32\SHCORE.dll
0x00007ff8bf370000 - 0x00007ff8bf3ce000 	C:\windows\System32\shlwapi.dll
0x00007ff8bc740000 - 0x00007ff8bc761000 	C:\windows\SYSTEM32\profapi.dll
0x00007ff898d60000 - 0x00007ff898d79000 	C:\Users\mavin\.p2\pool\plugins\org.eclipse.justj.openjdk.hotspot.jre.full.win32.x86_64_17.0.6.v20230204-1729\jre\bin\net.dll
0x00007ff8b2850000 - 0x00007ff8b2987000 	C:\windows\SYSTEM32\WINHTTP.dll
0x00007ff8bbcd0000 - 0x00007ff8bbd39000 	C:\windows\system32\mswsock.dll
0x00007ff898c70000 - 0x00007ff898c85000 	C:\Users\mavin\.p2\pool\plugins\org.eclipse.justj.openjdk.hotspot.jre.full.win32.x86_64_17.0.6.v20230204-1729\jre\bin\nio.dll
0x00007ff878190000 - 0x00007ff87831e000 	C:\Users\mavin\.p2\pool\plugins\org.eclipse.justj.openjdk.hotspot.jre.full.win32.x86_64_17.0.6.v20230204-1729\jre\bin\awt.dll
0x00007ff8b93f0000 - 0x00007ff8b9487000 	C:\windows\SYSTEM32\apphelp.dll

dbghelp: loaded successfully - version: 4.0.5 - missing functions: none
symbol engine: initialized successfully - sym options: 0x614 - pdb path: .;C:\Users\mavin\.p2\pool\plugins\org.eclipse.justj.openjdk.hotspot.jre.full.win32.x86_64_17.0.6.v20230204-1729\jre\bin;C:\windows\SYSTEM32;C:\windows\WinSxS\amd64_microsoft.windows.common-controls_6595b64144ccf1df_6.0.22621.1635_none_270f70857386168e;C:\Users\mavin\.p2\pool\plugins\org.eclipse.justj.openjdk.hotspot.jre.full.win32.x86_64_17.0.6.v20230204-1729\jre\bin\server

VM Arguments:
jvm_args: -Dfile.encoding=UTF-8 -XX:+ShowCodeDetailsInExceptionMessages 
java_command: com.wise.portfolio.data.PortfolioApp
java_class_path (initial): C:\Users\mavin\git\portfolio\Portfolio\Portfolio\build\classes;C:\Users\mavin\.ivy2\cache\org.slf4j\slf4j-reload4j\jars\slf4j-reload4j-1.7.36.jar;C:\Users\mavin\.ivy2\cache\org.slf4j\slf4j-api\jars\slf4j-api-1.7.36.jar;C:\Users\mavin\.ivy2\cache\ch.qos.reload4j\reload4j\jars\reload4j-1.2.19.jar;C:\Users\mavin\.ivy2\cache\com.itextpdf\io\jars\io-7.0.4.jar;C:\Users\mavin\.ivy2\cache\com.itextpdf\pdftest\jars\pdftest-7.0.4.jar;C:\Users\mavin\.ivy2\cache\ch.qos.logback\logback-classic\jars\logback-classic-1.1.3.jar;C:\Users\mavin\.ivy2\cache\ch.qos.logback\logback-core\jars\logback-core-1.1.3.jar;C:\Users\mavin\.ivy2\cache\pl.pragmatists\JUnitParams\jars\JUnitParams-1.0.4.jar;C:\Users\mavin\.ivy2\cache\com.itextpdf\layout\jars\layout-7.0.4.jar;C:\Users\mavin\.ivy2\cache\com.itextpdf\kernel\jars\kernel-7.0.4.jar;C:\Users\mavin\.ivy2\cache\com.itextpdf\font-asian\jars\font-asian-7.0.4.jar;C:\Users\mavin\.ivy2\cache\org.bouncycastle\bcprov-jdk15on\jars\bcprov-jdk15on-1.49.jar;C:\Users\mavin\.ivy2\cache\org.bouncycastle\bcpkix-jdk15on\jars\bcpkix-jdk15on-1.49.jar;C:\Users\mavin\.ivy2\cache\org.jfree\jfreechart\jars\jfreechart-1.5.3.jar;C:\Users\mavin\.ivy2\cache\javax.servlet\servlet-api\jars\servlet-api-2.5.jar;C:\Users\mavin\.ivy2\cache\org.opentest4j\opentest4j\jars\opentest4j-1.2.0.jar;C:\Users\mavin\.ivy2\cache\com.orsonpdf\orsonpdf\jars\orsonpdf-1.7.jar;C:\Users\mavin\.ivy2\cache\org.apache.commons\commons-lang3\jars\commons-lang3-3.7.jar;C:\Users\mavin\.ivy2\cache\org.hamcrest\hamcrest-all\jars\hamcrest-all-1.3.jar;C:\Users\mavin\.ivy2\cache\org.easymock\easymock\jars\easymock-3.5.jar;C:\Users\mavin\.ivy2\cache\org.openjdk.jmh\jmh-core\jars\jmh-core-1.19.jar;C:\Users\mavin\.ivy2\cache\net.sf.jopt-simple\jopt-simple\jars\jopt-simple-4.6.jar;C:\Users\mavin\.ivy2\cache\org.apache.commons\commons-math3\jars\commons-math3-3.2.jar;C:\Users\mavin\.ivy2\cache\org.openjdk.jmh\jmh-generator-annprocess\jars\jmh-generator-annprocess-1.19.jar;C:\Users
Launcher Type: SUN_STANDARD

[Global flags]
     intx CICompilerCount                          = 3                                         {product} {ergonomic}
     uint ConcGCThreads                            = 1                                         {product} {ergonomic}
     uint G1ConcRefinementThreads                  = 4                                         {product} {ergonomic}
   size_t G1HeapRegionSize                         = 1048576                                   {product} {ergonomic}
    uintx GCDrainStackTargetSize                   = 64                                        {product} {ergonomic}
   size_t InitialHeapSize                          = 65011712                                  {product} {ergonomic}
   size_t MarkStackSize                            = 4194304                                   {product} {ergonomic}
   size_t MaxHeapSize                              = 1025507328                                {product} {ergonomic}
   size_t MaxNewSize                               = 614465536                                 {product} {ergonomic}
   size_t MinHeapDeltaBytes                        = 1048576                                   {product} {ergonomic}
   size_t MinHeapSize                              = 8388608                                   {product} {ergonomic}
    uintx NonNMethodCodeHeapSize                   = 5832780                                {pd product} {ergonomic}
    uintx NonProfiledCodeHeapSize                  = 122912730                              {pd product} {ergonomic}
    uintx ProfiledCodeHeapSize                     = 122912730                              {pd product} {ergonomic}
    uintx ReservedCodeCacheSize                    = 251658240                              {pd product} {ergonomic}
     bool SegmentedCodeCache                       = true                                      {product} {ergonomic}
     bool ShowCodeDetailsInExceptionMessages       = true                                   {manageable} {command line}
   size_t SoftMaxHeapSize                          = 1025507328                             {manageable} {ergonomic}
     bool UseCompressedClassPointers               = true                           {product lp64_product} {ergonomic}
     bool UseCompressedOops                        = true                           {product lp64_product} {ergonomic}
     bool UseG1GC                                  = true                                      {product} {ergonomic}
     bool UseLargePagesIndividualAllocation        = false                                  {pd product} {ergonomic}

Logging:
Log output configuration:
 #0: stdout all=warning uptime,level,tags
 #1: stderr all=off uptime,level,tags

Environment Variables:
PATH=C:/Users/mavin/.p2/pool/plugins/org.eclipse.justj.openjdk.hotspot.jre.full.win32.x86_64_17.0.6.v20230204-1729/jre/bin/server;C:/Users/mavin/.p2/pool/plugins/org.eclipse.justj.openjdk.hotspot.jre.full.win32.x86_64_17.0.6.v20230204-1729/jre/bin;C:\Program Files\Common Files\Oracle\Java\javapath;C:\Program Files (x86)\Common Files\Oracle\Java\javapath;C:\windows\system32;C:\windows;C:\windows\System32\Wbem;C:\windows\System32\WindowsPowerShell\v1.0\;C:\windows\System32\OpenSSH\;C:\Users\mavin\AppData\Local\Microsoft\WindowsApps;C:\Users\mavin\AppData\Local\GitHubDesktop\bin;C:\Users\mavin\OneDrive\Desktop;
USERNAME=mavin
OS=Windows_NT
PROCESSOR_IDENTIFIER=Intel64 Family 6 Model 122 Stepping 8, GenuineIntel
TMP=C:\Users\mavin\AppData\Local\Temp
TEMP=C:\Users\mavin\AppData\Local\Temp



---------------  S Y S T E M  ---------------

OS:
 Windows 11 , 64 bit Build 22621 (10.0.22621.1778)
OS uptime: 13 days 6:01 hours

CPU: total 4 (initial active 4) (4 cores per cpu, 1 threads per core) family 6 model 122 stepping 8 microcode 0x20, cx8, cmov, fxsr, mmx, 3dnowpref, sse, sse2, sse3, ssse3, sse4.1, sse4.2, popcnt, tsc, tscinvbit, aes, erms, clmul, sha, clflush, clflushopt

Memory: 4k page, system-wide physical 3911M (287M free)
TotalPageFile size 11256M (AvailPageFile size 12M)
current process WorkingSet (physical memory assigned to process): 119M, peak: 121M
current process commit charge ("private bytes"): 168M, peak: 184M

vm_info: OpenJDK 64-Bit Server VM (17.0.6+10) for windows-amd64 JRE (17.0.6+10), built on Jan 18 2023 10:08:59 by "temurin" with MS VC++ 16.7 (VS2019)

END.
